[2026-06-20 13:16:55] BFS Discovery starting from: https://www.immigratenwt.ca/immigrate-here
[2026-06-20 13:16:55]   Max depth: 2, Max pages: 150, Concurrency: 20
[2026-06-20 13:16:55]   [LEVEL] Fetching 1 URLs at depth 0...
[2026-06-20 13:16:55]   [   1] depth=0 https://www.immigratenwt.ca/immigrate-here
[2026-06-20 13:16:55]   [LEVEL] Fetching 4 URLs at depth 1...
[2026-06-20 13:16:56]   [   2] depth=1 https://www.immigratenwt.ca/employer-driven-stream
[2026-06-20 13:16:56]   [   3] depth=1 https://www.immigratenwt.ca/francophone-stream
[2026-06-20 13:16:56]   [   4] depth=1 https://www.immigratenwt.ca/nominee-support
[2026-06-20 13:16:56]   [   5] depth=1 https://www.immigratenwt.ca/business-stream
[2026-06-20 13:16:56]   [LEVEL] Fetching 7 URLs at depth 2...
[2026-06-20 13:16:57]   [   6] depth=2 https://www.immigratenwt.ca/nominee-applicant-form
[2026-06-20 13:16:57]   [   7] depth=2 https://www.immigratenwt.ca/files/northwest-territories-nominee-program-business-stream-guidelines-s
[2026-06-20 13:16:57]   [   8] depth=2 https://www.immigratenwt.ca/authorize-or-cancel-representative-nominee-applicant
[2026-06-20 13:16:57]   [   9] depth=2 https://www.immigratenwt.ca/ntnp3-business-stream-nominee-application-checklist
[2026-06-20 13:16:57]   [  10] depth=2 https://www.immigratenwt.ca/program-guidelines-francophone-stream
[2026-06-20 13:16:57]   [  11] depth=2 https://www.immigratenwt.ca/francophone-stream-application-checklist
[2026-06-20 13:16:57]   [  12] depth=2 https://www.immigratenwt.ca/francophone-stream-employer-information-and-declaration-form
[2026-06-20 13:16:57] 
[OK] Discovered 12 pages
[2026-06-20 13:16:57]      Manifest: C:\Users\40270\Desktop\workspace\short-video-studio\docs\nt-immigration\manifest.json
