[2026-06-20 13:16:57] Downloading 12 pages as Markdown (HTML -> MD)
[2026-06-20 13:16:57]   Output: C:\Users\40270\Desktop\workspace\short-video-studio\docs\nt-immigration\md
[2026-06-20 13:16:57]   Concurrency: 10, Delay: 0.2s
[2026-06-20 13:16:57]   Converter: default
[2026-06-20 13:16:57]   Profile: (none -- using defaults)
[2026-06-20 13:16:58]   [   6/12] nominee-applicant-form.md (0.7 KB)
[2026-06-20 13:16:58]   [  10/12] program-guidelines-francophone-stream.md (0.7 KB)
[2026-06-20 13:16:58]   [   3/12] francophone-stream.md (1.8 KB)
[2026-06-20 13:16:58]   [   1/12] index.md (1.9 KB)
[2026-06-20 13:16:58]   [   8/12] authorize-or-cancel-representative-nominee-applicant.md (0.8 KB)
[2026-06-20 13:16:58]   [   4/12] nominee-support.md (5.1 KB)
[2026-06-20 13:16:58]   [   2/12] employer-driven-stream.md (2.2 KB)
[2026-06-20 13:16:58]   [   5/12] business-stream.md (6.9 KB)
[2026-06-20 13:16:58]   [   7/12] files/northwest-territories-nominee-program-business-stream-guidelines-september-2023.md (0.7 KB)
[2026-06-20 13:16:58]   [   9/12] ntnp3-business-stream-nominee-application-checklist.md (0.7 KB)
[2026-06-20 13:16:59]   [  12/12] francophone-stream-employer-information-and-declaration-form.md (0.9 KB)
[2026-06-20 13:16:59]   [  11/12] francophone-stream-application-checklist.md (0.6 KB)
[2026-06-20 13:16:59] 
============================================================
[2026-06-20 13:16:59] DOWNLOAD COMPLETE
[2026-06-20 13:16:59]   Saved:   12
[2026-06-20 13:16:59]   Skipped: 0
[2026-06-20 13:16:59]   Failed:  0
[2026-06-20 13:16:59]   Output:  C:\Users\40270\Desktop\workspace\short-video-studio\docs\nt-immigration\md
[2026-06-20 13:16:59] ============================================================
