[2026-06-20 12:33:58] Downloading 43 pages as Markdown (HTML -> MD)
[2026-06-20 12:33:58]   Output: C:\Users\40270\Desktop\workspace\short-video-studio\docs\qc-immigration\md
[2026-06-20 12:33:58]   Concurrency: 10, Delay: 0.2s
[2026-06-20 12:33:58]   Converter: default
[2026-06-20 12:33:58]   Profile: (none -- using defaults)
[2026-06-20 12:33:58]   [   1/43] index.md (4.4 KB)
[2026-06-20 12:33:58]   [   2/43] permanent/skilled-workers.md (4.1 KB)
[2026-06-20 12:33:59]   [   4/43] settle-and-integrate-in-quebec.md (36.2 KB)
[2026-06-20 12:33:59]   [   9/43] permanent.md (3.8 KB)
[2026-06-20 12:33:59]   [   8/43] french-in-quebec.md (6.3 KB)
[2026-06-20 12:33:59]   [   6/43] work-quebec.md (1.5 KB)
[2026-06-20 12:33:59]   [   7/43] integration-service-for-immigrants.md (11.8 KB)
[2026-06-20 12:33:59]   [   3/43] online-immigration-services.md (4.5 KB)
[2026-06-20 12:33:59]   [  10/43] permanent/sponsor-family-member.md (5.5 KB)
[2026-06-20 12:33:59]   [   5/43] fraud-prevention.md (12.5 KB)
[2026-06-20 12:33:59]   [  12/43] online-immigration-services/represent-person-arrima.md (4.7 KB)
[2026-06-20 12:33:59]   [  11/43] refugees-asylum-seekers.md (4.4 KB)
[2026-06-20 12:33:59]   [  16/43] permanent/skilled-workers/food-processing.md (3.7 KB)
[2026-06-20 12:33:59]   [  14/43] permanent/skilled-workers/orderlies.md (3.5 KB)
[2026-06-20 12:33:59]   [  13/43] permanent/skilled-workers/skilled-worker-selection-program.md (6.1 KB)
[2026-06-20 12:33:59]   [  17/43] permanent/sponsor-family-member/rules-reception-applications.md (6.1 KB)
[2026-06-20 12:33:59]   [  15/43] permanent/sponsor-family-member/sponsoring-father-mother-great-parent.md (4.2 KB)
[2026-06-20 12:33:59]   [  18/43] permanent/immigrate-business.md (2.3 KB)
[2026-06-20 12:33:59]   [  19/43] work-quebec/recognition-skills-acquired-abroad.md (5.2 KB)
[2026-06-20 12:34:00]   [  21/43] settle-and-integrate-in-quebec/key-values.md (15.9 KB)
[2026-06-20 12:34:02] 
============================================================
[2026-06-20 12:34:02] DOWNLOAD COMPLETE
[2026-06-20 12:34:02]   Saved:   43
[2026-06-20 12:34:02]   Skipped: 0
[2026-06-20 12:34:02]   Failed:  0
[2026-06-20 12:34:02]   Output:  C:\Users\40270\Desktop\workspace\short-video-studio\docs\qc-immigration\md
[2026-06-20 12:34:02] ============================================================
