[2026-06-19 18:16:08] Downloading 48 pages as Markdown (HTML -> MD)
[2026-06-19 18:16:08]   Output: C:\Users\40270\Desktop\workspace\short-video-studio\docs\on-immigration\md
[2026-06-19 18:16:08]   Concurrency: 10, Delay: 0.2s
[2026-06-19 18:16:08]   Converter: default
[2026-06-19 18:16:08]   Profile: (none -- using defaults)
[2026-06-19 18:16:09]   [   1/48] index.md (6.1 KB)
[2026-06-19 18:16:09]   [  10/48] page/oinp-employer-job-offer-foreign-worker-stream.md (29.4 KB)
[2026-06-19 18:16:09]   [   3/48] page/ontario-immigrant-nominee-program-streams.md (6.7 KB)
[2026-06-19 18:16:09]   [   6/48] page/applying-ontario-immigrant-nominee-program-oinp.md (15.5 KB)
[2026-06-19 18:16:09]   [   4/48] page/oinp-employer-job-offer-streams-employer-guide.md (26.7 KB)
[2026-06-19 18:16:09]   [   2/48] page/2026-ontario-immigrant-nominee-program-updates.md (120.1 KB)
[2026-06-19 18:16:09]   [   7/48] page/ontario-immigrant-nominee-program-expression-interest-system-streams.md (24.0 KB)
[2026-06-19 18:16:09]   [   8/48] page/how-use-oinp-e-filing-portal.md (15.2 KB)
[2026-06-19 18:16:09]   [   5/48] document/oinp-document-checklists.md (5.3 KB)
[2026-06-19 18:16:10]   [   9/48] page/using-representative-apply-ontario-immigrant-nominee-program.md (26.1 KB)
[2026-06-19 18:16:10]   [  11/48] page/oinp-employer-job-offer-international-student-stream.md (35.0 KB)
[2026-06-19 18:16:10]   [  12/48] page/2025-ontario-immigrant-nominee-program-updates.md (113.4 KB)
[2026-06-19 18:16:10]   [  16/48] document/oinp-document-checklists/employer-job-offer-foreign-worker-stream-applicant-checklist.md (13.7 KB)
[2026-06-19 18:16:10]   [  13/48] page/oinp-masters-graduate-stream.md (16.0 KB)
[2026-06-19 18:16:10]   [  14/48] page/oinp-phd-graduate-stream.md (13.9 KB)
[2026-06-19 18:16:10]   [  15/48] -invitations-apply.md (52.1 KB)
[2026-06-19 18:16:10]   [  18/48] document/oinp-document-checklists/oinp-document-translation-and-notarization.md (2.5 KB)
[2026-06-19 18:16:11]   [  20/48] page/oinp-employer-job-offer-demand-skills-stream.md (33.1 KB)
[2026-06-19 18:16:11]   [  21/48] page/oinp-express-entry-notifications-interest.md (31.2 KB)
[2026-06-19 18:16:11]   [  19/48] page/using-authorized-representative-apply-ontario-immigrant-nominee-program.md (26.1 KB)
[2026-06-19 18:16:14] 
============================================================
[2026-06-19 18:16:14] DOWNLOAD COMPLETE
[2026-06-19 18:16:14]   Saved:   48
[2026-06-19 18:16:14]   Skipped: 0
[2026-06-19 18:16:14]   Failed:  0
[2026-06-19 18:16:14]   Output:  C:\Users\40270\Desktop\workspace\short-video-studio\docs\on-immigration\md
[2026-06-19 18:16:14] ============================================================
