[2026-06-20 12:34:41] Downloading 23 pages as Markdown (HTML -> MD)
[2026-06-20 12:34:41]   Output: C:\Users\40270\Desktop\workspace\short-video-studio\docs\ab-immigration\md
[2026-06-20 12:34:41]   Concurrency: 10, Delay: 0.2s
[2026-06-20 12:34:41]   Converter: default
[2026-06-20 12:34:41]   Profile: (none -- using defaults)
[2026-06-20 12:34:42]   [   6/23] fr/immigration.md (1.7 KB)
[2026-06-20 12:34:42]   [   3/23] pa/immigration.md (0.8 KB)
[2026-06-20 12:34:42]   [  10/23] aaip-application-streams.md (5.8 KB)
[2026-06-20 12:34:42]   [   4/23] ar/immigration.md (0.7 KB)
[2026-06-20 12:34:42]   [   5/23] zh-hant/immigration.md (0.7 KB)
[2026-06-20 12:34:42]   [   7/23] zh-hans/immigration.md (0.7 KB)
[2026-06-20 12:34:42]   [   1/23] index.md (1.9 KB)
[2026-06-20 12:34:42]   [   2/23] alberta-advantage-immigration-program.md (6.0 KB)
[2026-06-20 12:34:42]   [   8/23] es/immigration.md (0.7 KB)
[2026-06-20 12:34:42]   [   9/23] fr/alberta-advantage-immigration-program.md (7.3 KB)
[2026-06-20 12:34:42]   [  11/23] aaip-processing-information.md (13.3 KB)
[2026-06-20 12:34:42]   [  12/23] aaip-resources.md (3.8 KB)
[2026-06-20 12:34:42]   [  15/23] aaip-expired-streams.md (3.5 KB)
[2026-06-20 12:34:42]   [  16/23] aaip-rural-renewal-stream.md (3.0 KB)
[2026-06-20 12:34:42]   [  14/23] aaip-alberta-opportunity-stream.md (2.5 KB)
[2026-06-20 12:34:42]   [  17/23] aaip-foreign-graduate-entrepreneur-stream.md (2.0 KB)
[2026-06-20 12:34:42]   [  13/23] aaip-answers-for-common-questions.md (8.6 KB)
[2026-06-20 12:34:42]   [  18/23] aaip-farm-stream.md (2.8 KB)
[2026-06-20 12:34:42]   [  20/23] aaip-alberta-express-entry-stream.md (3.2 KB)
[2026-06-20 12:34:43]   [  22/23] alberta-advantage-immigration-program-reporting-fraud.md (6.7 KB)
[2026-06-20 12:34:43] 
============================================================
[2026-06-20 12:34:43] DOWNLOAD COMPLETE
[2026-06-20 12:34:43]   Saved:   23
[2026-06-20 12:34:43]   Skipped: 0
[2026-06-20 12:34:43]   Failed:  0
[2026-06-20 12:34:43]   Output:  C:\Users\40270\Desktop\workspace\short-video-studio\docs\ab-immigration\md
[2026-06-20 12:34:43] ============================================================
