[2026-06-20 12:35:50] Downloading 70 pages as Markdown (HTML -> MD)
[2026-06-20 12:35:50]   Output: C:\Users\40270\Desktop\workspace\short-video-studio\docs\ns-immigration\md
[2026-06-20 12:35:50]   Concurrency: 10, Delay: 0.2s
[2026-06-20 12:35:50]   Converter: default
[2026-06-20 12:35:50]   Profile: (none -- using defaults)
[2026-06-20 12:35:51]   [   5/70] events.md (0.6 KB)
[2026-06-20 12:35:51]   [   9/70] nova-scotia-graduate.md (5.4 KB)
[2026-06-20 12:35:51]   [   3/70] express-entry.md (7.2 KB)
[2026-06-20 12:35:51]   [   2/70] index.md (4.9 KB)
[2026-06-20 12:35:51]   [   8/70] eoi-selection.md (1.4 KB)
[2026-06-20 12:35:51]   [   4/70] training-and-certification.md (6.4 KB)
[2026-06-20 12:35:51]   [   7/70] critical-vacancies.md (4.1 KB)
[2026-06-20 12:35:51]   [   6/70] about-nova-scotia.md (4.1 KB)
[2026-06-20 12:35:51]   [   1/70] index.md (4.9 KB)
[2026-06-20 12:35:51]   [  10/70] fr.md (5.2 KB)
[2026-06-20 12:35:51]   [  11/70] finding-job.md (4.7 KB)
[2026-06-20 12:35:51]   [  12/70] you-arrive-checklist.md (5.5 KB)
[2026-06-20 12:35:51]   [  13/70] atlantic-immigration-program.md (9.0 KB)
[2026-06-20 12:35:51]   [  15/70] hiring-immigrant-your-business.md (10.4 KB)
[2026-06-20 12:35:51]   [  16/70] hire-permanent-resident.md (2.3 KB)
[2026-06-20 12:35:51]   [  14/70] how-get-settled.md (35.9 KB)
[2026-06-20 12:35:51]   [  17/70] hire-temporary-foreign-worker.md (5.3 KB)
[2026-06-20 12:35:51]   [  18/70] hire-international-student.md (1.8 KB)
[2026-06-20 12:35:51]   [  21/70] resources/nominee-program-priorities-nova-scotia.md (2.3 KB)
[2026-06-20 12:35:51]   [  20/70] taxonomy/term/3.md (0.6 KB)
[2026-06-20 12:35:54] 
============================================================
[2026-06-20 12:35:54] DOWNLOAD COMPLETE
[2026-06-20 12:35:54]   Saved:   70
[2026-06-20 12:35:54]   Skipped: 0
[2026-06-20 12:35:54]   Failed:  0
[2026-06-20 12:35:54]   Output:  C:\Users\40270\Desktop\workspace\short-video-studio\docs\ns-immigration\md
[2026-06-20 12:35:54] ============================================================
