[2026-06-20 12:24:10] BFS Discovery starting from: https://yukon.ca/en/immigration
[2026-06-20 12:24:10]   Max depth: 2, Max pages: 150, Concurrency: 20
[2026-06-20 12:24:11]   [LEVEL] Fetching 1 URLs at depth 0...
[2026-06-20 12:24:15]   [browser] 403→browser: https://yukon.ca/en/immigration
[2026-06-20 12:24:15]   [   1] depth=0 https://yukon.ca/en/immigration
[2026-06-20 12:24:15]   [LEVEL] Fetching 13 URLs at depth 1...
[2026-06-20 12:24:16]   [browser] 403→browser: https://yukon.ca/en/immigration/apply-immigrate-yukon/immigrate-yukon
[2026-06-20 12:24:16]   [   2] depth=1 https://yukon.ca/en/immigration/apply-immigrate-yukon/immigrate-yukon
[2026-06-20 12:24:24]   [browser] 403→browser: https://yukon.ca/en/immigration/employers/hire-foreign-worker
[2026-06-20 12:24:24]   [   3] depth=1 https://yukon.ca/en/immigration/employers/hire-foreign-worker
[2026-06-20 12:24:27]   [browser] 403→browser: https://yukon.ca/en/immigration/yukon-nominee-program/apply-skilled-worker-and-c
[2026-06-20 12:24:27]   [   4] depth=1 https://yukon.ca/en/immigration/yukon-nominee-program/apply-skilled-worker-and-critical-impact-worke
[2026-06-20 12:24:28]   [browser] 403→browser: https://yukon.ca/en/immigration/apply-immigrate-yukon
[2026-06-20 12:24:28]   [   5] depth=1 https://yukon.ca/en/immigration/apply-immigrate-yukon
[2026-06-20 12:24:30]   [browser] 403→browser: https://yukon.ca/en/immigration/apply-immigrate-yukon/contact-immigration-humani
[2026-06-20 12:24:30]   [   6] depth=1 https://yukon.ca/en/immigration/apply-immigrate-yukon/contact-immigration-humanitarian-support-desk
[2026-06-20 12:24:31]   [browser] 403→browser: https://yukon.ca/en/immigration/yukon-nominee-program/apply-express-entry-stream
[2026-06-20 12:24:31]   [   7] depth=1 https://yukon.ca/en/immigration/yukon-nominee-program/apply-express-entry-stream-hire-foreign-worker
[2026-06-20 12:24:32]   [browser] 403→browser: https://yukon.ca/en/immigration/employers
[2026-06-20 12:24:32]   [   8] depth=1 https://yukon.ca/en/immigration/employers
[2026-06-20 12:24:33]   [browser] 403→browser: https://yukon.ca/en/immigration/yukon-nominee-program-foreign-workers
[2026-06-20 12:24:33]   [   9] depth=1 https://yukon.ca/en/immigration/yukon-nominee-program-foreign-workers
[2026-06-20 12:24:34]   [browser] 403→browser: https://yukon.ca/en/immigration/yukon-business-nominee-program/find-eligibility-
[2026-06-20 12:24:34]   [  10] depth=1 https://yukon.ca/en/immigration/yukon-business-nominee-program/find-eligibility-requirements-apply-r
[2026-06-20 12:24:36]   [browser] 403→browser: https://yukon.ca/en/immigration/yukon-business-nominee-program
[2026-06-20 12:24:36]   [  11] depth=1 https://yukon.ca/en/immigration/yukon-business-nominee-program
[2026-06-20 12:24:38]   [browser] 403→browser: https://yukon.ca/en/immigration/yukon-nominee-program/assessing-your-qualificati
[2026-06-20 12:24:38]   [  12] depth=1 https://yukon.ca/en/immigration/yukon-nominee-program/assessing-your-qualifications-if-youre-foreign
[2026-06-20 12:24:39]   [browser] 403→browser: https://yukon.ca/en/immigration/yukon-nominee-program/apply-extend-your-nominati
[2026-06-20 12:24:39]   [  13] depth=1 https://yukon.ca/en/immigration/yukon-nominee-program/apply-extend-your-nomination-and-work-permit
[2026-06-20 12:24:40]   [browser] 403→browser: https://yukon.ca/en/immigration/yukon-business-nominee-program/apply-run-your-ow
[2026-06-20 12:24:40]   [  14] depth=1 https://yukon.ca/en/immigration/yukon-business-nominee-program/apply-run-your-own-business-yukon-for
[2026-06-20 12:24:40]   [LEVEL] Fetching 7 URLs at depth 2...
[2026-06-20 12:24:41]   [browser] 403→browser: https://yukon.ca/en/immigration/yukon-nominee-program/learn-about-working-yukon
[2026-06-20 12:24:41]   [  15] depth=2 https://yukon.ca/en/immigration/yukon-nominee-program/learn-about-working-yukon
[2026-06-20 12:24:43]   [browser] 403→browser: https://yukon.ca/en/immigration/apply-immigrate-yukon/learn-about-hiring-immigra
[2026-06-20 12:24:43]   [  16] depth=2 https://yukon.ca/en/immigration/apply-immigrate-yukon/learn-about-hiring-immigration-representative
[2026-06-20 12:24:44]   [browser] 403→browser: https://yukon.ca/en/immigration/employers/hire-foreign-worker-employer-eligibili
[2026-06-20 12:24:44]   [  17] depth=2 https://yukon.ca/en/immigration/employers/hire-foreign-worker-employer-eligibility-and-responsibilit
[2026-06-20 12:24:45]   [browser] 403→browser: https://yukon.ca/en/immigration/yukon-nominee-program/learn-about-yukon-nominee-
[2026-06-20 12:24:45]   [  18] depth=2 https://yukon.ca/en/immigration/yukon-nominee-program/learn-about-yukon-nominee-program-process
[2026-06-20 12:24:46]   [browser] 403→browser: https://yukon.ca/en/immigration/yukon-nominee-program/find-out-if-you-are-eligib
[2026-06-20 12:24:46]   [  19] depth=2 https://yukon.ca/en/immigration/yukon-nominee-program/find-out-if-you-are-eligible-hire-foreign-work
[2026-06-20 12:24:47]   [browser] 403→browser: https://yukon.ca/en/immigration/yukon-nominee-program/employers-banned-participa
[2026-06-20 12:24:47]   [  20] depth=2 https://yukon.ca/en/immigration/yukon-nominee-program/employers-banned-participating-yukon-nominee-p
[2026-06-20 12:24:48]   [browser] 403→browser: https://yukon.ca/en/immigration/yukon-business-nominee-program/find-eligibility-
[2026-06-20 12:24:49]   [  21] depth=2 https://yukon.ca/en/immigration/yukon-business-nominee-program/find-eligibility-requirements-apply-r
[2026-06-20 12:24:49] 
[OK] Discovered 21 pages
[2026-06-20 12:24:49]      Manifest: C:\Users\40270\Desktop\workspace\short-video-studio\docs\yt-immigration\manifest.json
