[2026-06-20 12:24:49] Downloading 21 pages as Markdown (HTML -> MD)
[2026-06-20 12:24:49]   Output: C:\Users\40270\Desktop\workspace\short-video-studio\docs\yt-immigration\md
[2026-06-20 12:24:49]   Concurrency: 10, Delay: 0.2s
[2026-06-20 12:24:49]   Converter: default
[2026-06-20 12:24:49]   Profile: (none -- using defaults)
[2026-06-20 12:24:52]   [   1/21] index.md (0.2 KB)
[2026-06-20 12:24:53]   [   7/21] yukon-nominee-program/apply-express-entry-stream-hire-foreign-worker.md (10.3 KB)
[2026-06-20 12:24:54]   [   8/21] employers.md (0.2 KB)
[2026-06-20 12:24:55]   [   2/21] apply-immigrate-yukon/immigrate-yukon.md (7.9 KB)
[2026-06-20 12:24:56]   [   9/21] yukon-nominee-program-foreign-workers.md (0.3 KB)
[2026-06-20 12:24:57]   [  10/21] yukon-business-nominee-program/find-eligibility-requirements-apply-run-your-business-yukon-foreign-entrepreneurs.md (3.8 KB)
[2026-06-20 12:24:58]   [   4/21] yukon-nominee-program/apply-skilled-worker-and-critical-impact-worker-streams-hire-foreign-worker.md (7.7 KB)
[2026-06-20 12:24:59]   [   3/21] employers/hire-foreign-worker.md (1.1 KB)
[2026-06-20 12:25:00]   [   6/21] apply-immigrate-yukon/contact-immigration-humanitarian-support-desk.md (6.4 KB)
[2026-06-20 12:25:01]   [   5/21] apply-immigrate-yukon.md (0.2 KB)
[2026-06-20 12:25:01]   [  11/21] yukon-business-nominee-program.md (0.2 KB)
[2026-06-20 12:25:02]   [  12/21] yukon-nominee-program/assessing-your-qualifications-if-youre-foreign-worker.md (4.1 KB)
[2026-06-20 12:25:03]   [  13/21] yukon-nominee-program/apply-extend-your-nomination-and-work-permit.md (2.5 KB)
[2026-06-20 12:25:04]   [  14/21] yukon-business-nominee-program/apply-run-your-own-business-yukon-foreign-entrepreneurs.md (3.7 KB)
[2026-06-20 12:25:05]   [  15/21] yukon-nominee-program/learn-about-working-yukon.md (7.9 KB)
[2026-06-20 12:25:06]   [  16/21] apply-immigrate-yukon/learn-about-hiring-immigration-representative.md (4.5 KB)
[2026-06-20 12:25:07]   [  17/21] employers/hire-foreign-worker-employer-eligibility-and-responsibilities.md (5.8 KB)
[2026-06-20 12:25:08]   [  18/21] yukon-nominee-program/learn-about-yukon-nominee-program-process.md (7.2 KB)
[2026-06-20 12:25:09]   [  19/21] yukon-nominee-program/find-out-if-you-are-eligible-hire-foreign-worker.md (4.1 KB)
[2026-06-20 12:25:09]   [  20/21] yukon-nominee-program/employers-banned-participating-yukon-nominee-program.md (1.4 KB)
[2026-06-20 12:25:11] 
============================================================
[2026-06-20 12:25:11] DOWNLOAD COMPLETE
[2026-06-20 12:25:11]   Saved:   21
[2026-06-20 12:25:11]   Skipped: 0
[2026-06-20 12:25:11]   Failed:  0
[2026-06-20 12:25:11]   Output:  C:\Users\40270\Desktop\workspace\short-video-studio\docs\yt-immigration\md
[2026-06-20 12:25:11] ============================================================
