[2026-06-20 12:35:42] Downloading 23 pages as Markdown (HTML -> MD)
[2026-06-20 12:35:42]   Output: C:\Users\40270\Desktop\workspace\short-video-studio\docs\sk-immigration\md
[2026-06-20 12:35:42]   Concurrency: 10, Delay: 0.2s
[2026-06-20 12:35:42]   Converter: default
[2026-06-20 12:35:42]   Profile: (none -- using defaults)
[2026-06-20 12:35:43]   [   1/23] index.md (2.8 KB)
[2026-06-20 12:35:43]   [   7/23] immigration-faqs.md (29.1 KB)
[2026-06-20 12:35:43]   [   5/23] how-to-apply-to-the-sinp.md (8.1 KB)
[2026-06-20 12:35:43]   [   3/23] assess-your-eligibility.md (13.9 KB)
[2026-06-20 12:35:43]   [   4/23] sinp-processing-statistics.md (9.4 KB)
[2026-06-20 12:35:43]   [   2/23] browse-sinp-programs.md (2.5 KB)
[2026-06-20 12:35:43]   [   9/23] browse-sinp-programs/applicants-international-skilled-workers.md (6.2 KB)
[2026-06-20 12:35:43]   [  10/23] browse-sinp-programs/farm-owner-and-operator.md (2.5 KB)
[2026-06-20 12:35:43]   [   6/23] language-requirements-for-sinp.md (10.7 KB)
[2026-06-20 12:35:43]   [   8/23] sinp-important-words-and-definitions.md (22.6 KB)
[2026-06-20 12:35:44]   [  11/23] browse-sinp-programs/applicants-with-saskatchewan-experience/students.md (21.5 KB)
[2026-06-20 12:35:44]   [  13/23] browse-sinp-programs/applicants-international-skilled-workers/international-skilled-worker-saskatchewan-express-entry.md (32.0 KB)
[2026-06-20 12:35:44]   [  19/23] browse-sinp-programs/applicants-international-skilled-workers/occupation-restrictions-and-requirements.md (8.2 KB)
[2026-06-20 12:35:44]   [  20/23] browse-sinp-programs/applicants-with-saskatchewan-experience/applicants-with-existing-work-permit.md (24.0 KB)
[2026-06-20 12:35:44]   [  21/23] browse-sinp-programs/entrepreneur.md (3.5 KB)
[2026-06-20 12:35:44]   [  15/23] browse-sinp-programs/applicants-international-skilled-workers/procedures-and-guidelines.md (31.7 KB)
[2026-06-20 12:35:44]   [  23/23] browse-sinp-programs/applicants-international-skilled-workers/international-skilled-worker-with-employment-offer.md (26.4 KB)
[2026-06-20 12:35:45]   [  17/23] browse-sinp-programs/applicants-international-skilled-workers/international-skilled-worker-occupations-in-demand.md (32.4 KB)
[2026-06-20 12:35:45]   [  14/23] browse-sinp-programs/applicants-with-saskatchewan-experience.md (3.7 KB)
[2026-06-20 12:35:45]   [  12/23] browse-sinp-programs/applicants-with-saskatchewan-experience/procedures-and-guidelines.md (31.2 KB)
[2026-06-20 12:35:47] 
============================================================
[2026-06-20 12:35:47] DOWNLOAD COMPLETE
[2026-06-20 12:35:47]   Saved:   23
[2026-06-20 12:35:47]   Skipped: 0
[2026-06-20 12:35:47]   Failed:  0
[2026-06-20 12:35:47]   Output:  C:\Users\40270\Desktop\workspace\short-video-studio\docs\sk-immigration\md
[2026-06-20 12:35:47] ============================================================
