[2026-06-20 13:16:47] BFS Discovery starting from: https://www2.gnb.ca/content/gnb/en/corporate/promo/immigration/immigrating-to-nb/nb-immigration-program-streams.html
[2026-06-20 13:16:47]   Max depth: 2, Max pages: 150, Concurrency: 20
[2026-06-20 13:16:47]   [LEVEL] Fetching 1 URLs at depth 0...
[2026-06-20 13:16:48]   [   1] depth=0 https://www2.gnb.ca/content/gnb/en/corporate/promo/immigration/immigrating-to-nb/nb-immigration-prog
[2026-06-20 13:16:48]   [LEVEL] Fetching 12 URLs at depth 1...
[2026-06-20 13:16:48]   [   2] depth=1 https://www2.gnb.ca/content/gnb/fr/corporate/promo/immigration/immigrer-au-nb/volets-des-programmes-
[2026-06-20 13:16:48]   [   3] depth=1 https://www2.gnb.ca/content/gnb/en/corporate/promo/immigration/immigrating-to-nb.html
[2026-06-20 13:16:48]   [   4] depth=1 https://www2.gnb.ca/content/gnb/en/corporate/promo/immigration.html
[2026-06-20 13:16:48]   [   5] depth=1 https://www2.gnb.ca/content/gnb/en/corporate/promo/immigration/notice.html
[2026-06-20 13:16:48]   [   6] depth=1 https://www2.gnb.ca/content/gnb/en/corporate/promo/immigration/immigrating-to-nb/nb-immigration-prog
[2026-06-20 13:16:48]   [   7] depth=1 https://www2.gnb.ca/content/gnb/en/corporate/promo/immigration/immigrating-to-nb/nb-immigration-prog
[2026-06-20 13:16:48]   [   8] depth=1 https://www2.gnb.ca/content/gnb/en/corporate/promo/immigration/immigrating-to-nb/nb-immigration-prog
[2026-06-20 13:16:48]   [   9] depth=1 https://www2.gnb.ca/content/gnb/en/corporate/promo/immigration/contact.html
[2026-06-20 13:16:48]   [  10] depth=1 https://www2.gnb.ca/content/gnb/en/corporate/promo/immigration/immigrating-to-nb/nb-immigration-prog
[2026-06-20 13:16:48]   [  11] depth=1 https://www2.gnb.ca/content/gnb/en/corporate/promo/immigration/immigrating-to-nb/nb-immigration-prog
[2026-06-20 13:16:48]   [  12] depth=1 https://www2.gnb.ca/content/gnb/en/corporate/promo/immigration/immigrating-to-nb/atlantic-immigratio
[2026-06-20 13:16:48]   [  13] depth=1 https://www2.gnb.ca/content/gnb/en/corporate/promo/immigration/immigrating-to-nb/nb-immigration-prog
[2026-06-20 13:16:48]   [LEVEL] Fetching 45 URLs at depth 2...
[2026-06-20 13:16:48]   [  14] depth=2 https://www2.gnb.ca/content/gnb/fr/corporate/promo/immigration.html
[2026-06-20 13:16:48]   [  15] depth=2 https://www2.gnb.ca/content/gnb/fr/corporate/promo/immigration/immigrer-au-nb.html
[2026-06-20 13:16:48]   [  16] depth=2 https://www2.gnb.ca/content/gnb/fr/corporate/promo/immigration/immigrer-au-nb/volets-des-programmes-
[2026-06-20 13:16:48]   [  17] depth=2 https://www2.gnb.ca/content/gnb/fr/corporate/promo/immigration/immigrer-au-nb/volets-des-programmes-
[2026-06-20 13:16:48]   [  18] depth=2 https://www2.gnb.ca/content/gnb/en/corporate/promo/immigration/living-in-nb.html
[2026-06-20 13:16:48]   [  19] depth=2 https://www2.gnb.ca/content/gnb/fr/corporate/promo/immigration/immigrer-au-nb/volets-des-programmes-
[2026-06-20 13:16:49]   [  20] depth=2 https://www2.gnb.ca/content/gnb/en/corporate/promo/immigration/immigrating-to-nb/first-steps.html
[2026-06-20 13:16:49]   [  21] depth=2 https://www2.gnb.ca/content/gnb/fr/corporate/promo/immigration/immigrer-au-nb/volets-des-programmes-
[2026-06-20 13:16:49]   [  22] depth=2 https://www2.gnb.ca/content/gnb/fr/corporate/promo/immigration/avis.html
[2026-06-20 13:16:49]   [  23] depth=2 https://www2.gnb.ca/content/gnb/fr/corporate/promo/immigration/immigrer-au-nb/programme-d-immigratio
[2026-06-20 13:16:49]   [  24] depth=2 https://www2.gnb.ca/content/gnb/en/corporate/promo/immigration/immigrating-to-nb/invitations-to-appl
[2026-06-20 13:16:49]   [  25] depth=2 https://www2.gnb.ca/content/gnb/en/corporate/promo/immigration/immigrating-to-nb/maintain-your-statu
[2026-06-20 13:16:49]   [  26] depth=2 https://www2.gnb.ca/content/gnb/en/corporate/promo/immigration/immigrating-to-nb/atlantic-immigratio
[2026-06-20 13:16:49]   [  27] depth=2 https://www2.gnb.ca/content/gnb/en/corporate/promo/immigration/immigrating-to-nb/reports-on-immigrat
[2026-06-20 13:16:49]   [  28] depth=2 https://www2.gnb.ca/content/gnb/en/corporate/promo/immigration/studying-in-nb.html
[2026-06-20 13:16:49]   [  29] depth=2 https://www2.gnb.ca/content/gnb/en/corporate/promo/immigration/immigrating-to-nb/atlantic-immigratio
[2026-06-20 13:16:49]   [  30] depth=2 https://www2.gnb.ca/content/gnb/fr/corporate/promo/immigration/immigrer-au-nb/volets-des-programmes-
[2026-06-20 13:16:49]   [  31] depth=2 https://www2.gnb.ca/content/gnb/en/corporate/promo/immigration/immigrating-to-nb/after-you-arrive.ht
[2026-06-20 13:16:49]   [  32] depth=2 https://www2.gnb.ca/content/gnb/en/corporate/promo/immigration/notice/notice-archive.html
[2026-06-20 13:16:49]   [  33] depth=2 https://www2.gnb.ca/content/gnb/en/corporate/promo/immigration/working-in-nb.html
[2026-06-20 13:16:49]   [  34] depth=2 https://www2.gnb.ca/content/gnb/fr/corporate/promo/immigration/immigrer-au-nb/volets-des-programmes-
[2026-06-20 13:16:49]   [  35] depth=2 https://www2.gnb.ca/content/gnb/en/corporate/promo/immigration/immigrating-to-nb/atlantic-immigratio
[2026-06-20 13:16:49]   [  36] depth=2 https://www2.gnb.ca/content/gnb/en/corporate/promo/immigration/events-calendar.html
[2026-06-20 13:16:49]   [  37] depth=2 https://www2.gnb.ca/content/gnb/fr/corporate/promo/immigration/immigrer-au-nb/volets-des-programmes-
[2026-06-20 13:16:49]   [  38] depth=2 https://www2.gnb.ca/content/gnb/en/corporate/promo/immigration/contact/candidate.html
[2026-06-20 13:16:49]   [  39] depth=2 https://www2.gnb.ca/content/gnb/en/corporate/promo/immigration/immigrating-to-nb/before-you-arrive.h
[2026-06-20 13:16:49]   [  40] depth=2 https://www2.gnb.ca/content/gnb/en/corporate/promo/immigration/employer-services.html
[2026-06-20 13:16:49]   [  41] depth=2 https://www2.gnb.ca/content/gnb/en/corporate/promo/immigration/contact/business-candidate.html
[2026-06-20 13:16:49]   [  42] depth=2 https://www2.gnb.ca/content/gnb/en/corporate/promo/immigration/immigrating-to-nb/nb-immigration-prog
[2026-06-20 13:16:50]   [  43] depth=2 https://www2.gnb.ca/content/gnb/fr/corporate/promo/immigration/immigrer-au-nb/volets-des-programmes-
[2026-06-20 13:16:50]   [  44] depth=2 https://www2.gnb.ca/content/gnb/en/corporate/promo/immigration/immigrating-to-nb/nb-immigration-prog
[2026-06-20 13:16:50]   [  45] depth=2 https://www2.gnb.ca/content/gnb/en/corporate/promo/immigration/immigrating-to-nb/using-a-representat
[2026-06-20 13:16:50]   [  46] depth=2 https://www2.gnb.ca/content/gnb/fr/corporate/promo/immigration/immigrer-au-nb/volets-des-programmes-
[2026-06-20 13:16:50]   [SKIP] HTTP 404: https://www2.gnb.ca/content/gnb/en/corporate/promo/immigration/employer-services
[2026-06-20 13:16:50]   [  47] depth=2 https://www2.gnb.ca/content/gnb/en/corporate/promo/immigration/why-choose-nb.html
[2026-06-20 13:16:50]   [  48] depth=2 https://www2.gnb.ca/content/gnb/en/corporate/promo/immigration/contact/international-student.html
[2026-06-20 13:16:50]   [  49] depth=2 https://www2.gnb.ca/content/gnb/en/corporate/promo/immigration/immigrating-to-nb/atlantic-immigratio
[2026-06-20 13:16:50]   [  50] depth=2 https://www2.gnb.ca/content/gnb/fr/corporate/promo/immigration/immigrer-au-nb/volets-des-programmes-
[2026-06-20 13:16:50]   [  51] depth=2 https://www2.gnb.ca/content/gnb/fr/corporate/promo/immigration/contact.html
[2026-06-20 13:16:50]   [  52] depth=2 https://www2.gnb.ca/content/gnb/fr/corporate/promo/immigration/immigrer-au-nb/volets-des-programmes-
[2026-06-20 13:16:50]   [  53] depth=2 https://www2.gnb.ca/content/gnb/en/corporate/promo/immigration/contact/employer.html
[2026-06-20 13:16:50]   [  54] depth=2 https://www2.gnb.ca/content/gnb/en/corporate/promo/immigration/immigrating-to-nb/nb-immigration-prog
[2026-06-20 13:16:51]   [  55] depth=2 https://www2.gnb.ca/content/gnb/en/corporate/promo/immigration/contact/exploring-programs.html
[2026-06-20 13:16:51]   [  56] depth=2 https://www2.gnb.ca/content/gnb/en/corporate/promo/immigration/contact/representative.html
[2026-06-20 13:16:51]   [  57] depth=2 https://www2.gnb.ca/content/gnb/en/corporate/promo/immigration/contact/other.html
[2026-06-20 13:16:51] 
[OK] Discovered 57 pages
[2026-06-20 13:16:51]      Manifest: C:\Users\40270\Desktop\workspace\short-video-studio\docs\nb-immigration\manifest.json
