[2026-06-20 13:16:51] Downloading 57 pages as Markdown (HTML -> MD)
[2026-06-20 13:16:51]   Output: C:\Users\40270\Desktop\workspace\short-video-studio\docs\nb-immigration\md
[2026-06-20 13:16:51]   Concurrency: 10, Delay: 0.2s
[2026-06-20 13:16:51]   Converter: default
[2026-06-20 13:16:51]   Profile: (none -- using defaults)
[2026-06-20 13:16:51]   [  10/57] content/gnb/en/corporate/promo/immigration/immigrating-to-nb/nb-immigration-program-streams/nb-business-immigration-stream.md (13.8 KB)
[2026-06-20 13:16:51]   [   5/57] content/gnb/en/corporate/promo/immigration/notice.md (12.0 KB)
[2026-06-20 13:16:51]   [   9/57] content/gnb/en/corporate/promo/immigration/contact.md (2.1 KB)
[2026-06-20 13:16:51]   [   4/57] content/gnb/en/corporate/promo/immigration.md (3.8 KB)
[2026-06-20 13:16:51]   [   2/57] content/gnb/fr/corporate/promo/immigration/immigrer-au-nb/volets-des-programmes-d-immigration-du-nouveau-brunswick.md (4.2 KB)
[2026-06-20 13:16:51]   [   3/57] content/gnb/en/corporate/promo/immigration/immigrating-to-nb.md (2.6 KB)
[2026-06-20 13:16:51]   [   1/57] index.md (3.4 KB)
[2026-06-20 13:16:51]   [   7/57] content/gnb/en/corporate/promo/immigration/immigrating-to-nb/nb-immigration-program-streams/nb-strategic-initiative-stream.md (5.6 KB)
[2026-06-20 13:16:51]   [   6/57] content/gnb/en/corporate/promo/immigration/immigrating-to-nb/nb-immigration-program-streams/nb-express-entry-stream.md (6.2 KB)
[2026-06-20 13:16:51]   [   8/57] content/gnb/en/corporate/promo/immigration/immigrating-to-nb/nb-immigration-program-streams/nb-critical-workers-pilot.md (12.5 KB)
[2026-06-20 13:16:52]   [  15/57] content/gnb/fr/corporate/promo/immigration/immigrer-au-nb.md (3.1 KB)
[2026-06-20 13:16:52]   [  13/57] content/gnb/en/corporate/promo/immigration/immigrating-to-nb/nb-immigration-program-streams/nb-skilled-worker-stream.md (8.1 KB)
[2026-06-20 13:16:52]   [  17/57] content/gnb/fr/corporate/promo/immigration/immigrer-au-nb/volets-des-programmes-d-immigration-du-nouveau-brunswick/volet-des-travailleurs-qualifies-du-nouveau-brunswick.md (8.3 KB)
[2026-06-20 13:16:52]   [  11/57] content/gnb/en/corporate/promo/immigration/immigrating-to-nb/nb-immigration-program-streams/private-career-college-graduate-pilot-program.md (12.3 KB)
[2026-06-20 13:16:52]   [  14/57] content/gnb/fr/corporate/promo/immigration.md (4.3 KB)
[2026-06-20 13:16:52]   [  18/57] content/gnb/en/corporate/promo/immigration/living-in-nb.md (1.9 KB)
[2026-06-20 13:16:52]   [  12/57] content/gnb/en/corporate/promo/immigration/immigrating-to-nb/atlantic-immigration-program.md (3.3 KB)
[2026-06-20 13:16:52]   [  16/57] content/gnb/fr/corporate/promo/immigration/immigrer-au-nb/volets-des-programmes-d-immigration-du-nouveau-brunswick/volet-entree-express-du-nouveau-brunswick.html.md (7.6 KB)
[2026-06-20 13:16:52]   [  19/57] content/gnb/fr/corporate/promo/immigration/immigrer-au-nb/volets-des-programmes-d-immigration-du-nouveau-brunswick/projet-pilote-sur-les-travailleurs-critiques-du-nouveau-brunswick.html.md (14.8 KB)
[2026-06-20 13:16:52]   [  20/57] content/gnb/en/corporate/promo/immigration/immigrating-to-nb/first-steps.md (8.7 KB)
[2026-06-20 13:16:54] 
============================================================
[2026-06-20 13:16:54] DOWNLOAD COMPLETE
[2026-06-20 13:16:54]   Saved:   57
[2026-06-20 13:16:54]   Skipped: 0
[2026-06-20 13:16:54]   Failed:  0
[2026-06-20 13:16:54]   Output:  C:\Users\40270\Desktop\workspace\short-video-studio\docs\nb-immigration\md
[2026-06-20 13:16:54] ============================================================
