[2026-06-20 12:34:06] Downloading 20 pages as Markdown (HTML -> MD)
[2026-06-20 12:34:06]   Output: C:\Users\40270\Desktop\workspace\short-video-studio\docs\bc-immigration\md
[2026-06-20 12:34:06]   Concurrency: 10, Delay: 0.2s
[2026-06-20 12:34:06]   Converter: default
[2026-06-20 12:34:06]   Profile: (none -- using defaults)
[2026-06-20 12:34:07]   [   1/20] index.md (2.6 KB)
[2026-06-20 12:34:07]   [   2/20] bc-pnp-online-user-portal.md (1.4 KB)
[2026-06-20 12:34:07]   [   6/20] documents.md (2.9 KB)
[2026-06-20 12:34:07]   [  10/20] regional-communities-in-the-northeast.md (6.4 KB)
[2026-06-20 12:34:07]   [   4/20] the-bc-provincial-nominee-program.md (11.3 KB)
[2026-06-20 12:34:07]   [   3/20] regional-immigration.md (9.2 KB)
[2026-06-20 12:34:07]   [   5/20] invitations-to-apply.md (6.5 KB)
[2026-06-20 12:34:07]   [   9/20] archives.md (16.8 KB)
[2026-06-20 12:34:07]   [   7/20] fraud-awareness.md (17.1 KB)
[2026-06-20 12:34:08]   [   8/20] news.md (10.3 KB)
[2026-06-20 12:34:08]   [  14/20] -4374589fc5bd099f34c82a0e2623f93d/regional-communities-in-nechako.md (4.8 KB)
[2026-06-20 12:34:08]   [  11/20] fraud-awareness.md (17.1 KB)
[2026-06-20 12:34:08]   [  12/20] -4374589fc5bd099f34c82a0e2623f93d/bc-pnp-archive.md (16.8 KB)
[2026-06-20 12:34:08]   [  13/20] -4374589fc5bd099f34c82a0e2623f93d/regional-communities-on-vancouver-island-coast.md (19.1 KB)
[2026-06-20 12:34:09]   [  15/20] -4374589fc5bd099f34c82a0e2623f93d/regional-communities-in-the-cariboo.md (7.0 KB)
[2026-06-20 12:34:09]   [  18/20] about-the-bc-provincial-nominee-program.md (11.3 KB)
[2026-06-20 12:34:09]   [  17/20] -4374589fc5bd099f34c82a0e2623f93d/regional-communities-in-the-thompson-okanagan.md (10.1 KB)
[2026-06-20 12:34:09]   [  16/20] -4374589fc5bd099f34c82a0e2623f93d/regional-communities-in-the-northeast.md (6.5 KB)
[2026-06-20 12:34:09]   [  19/20] -4374589fc5bd099f34c82a0e2623f93d/regional-communities-in-the-kootenays.md (18.5 KB)
[2026-06-20 12:34:11]   [  20/20] javascript%3Avoid(0)/_172_.md (0.6 KB)
[2026-06-20 12:34:11] 
============================================================
[2026-06-20 12:34:11] DOWNLOAD COMPLETE
[2026-06-20 12:34:11]   Saved:   20
[2026-06-20 12:34:11]   Skipped: 0
[2026-06-20 12:34:11]   Failed:  0
[2026-06-20 12:34:11]   Output:  C:\Users\40270\Desktop\workspace\short-video-studio\docs\bc-immigration\md
[2026-06-20 12:34:11] ============================================================
