[2026-06-20 12:34:43] BFS Discovery starting from: https://immigratemanitoba.com
[2026-06-20 12:34:43]   Max depth: 2, Max pages: 150, Concurrency: 20
[2026-06-20 12:34:43]   [LEVEL] Fetching 1 URLs at depth 0...
[2026-06-20 12:34:44]   [   1] depth=0 https://immigratemanitoba.com
[2026-06-20 12:34:44]   [LEVEL] Fetching 42 URLs at depth 1...
[2026-06-20 12:34:46]   [   2] depth=1 https://immigratemanitoba.com/
[2026-06-20 12:34:48]   [   3] depth=1 https://immigratemanitoba.com/mpnp
[2026-06-20 12:34:48]   [   4] depth=1 https://immigratemanitoba.com/fr
[2026-06-20 12:34:48]   [   5] depth=1 https://immigratemanitoba.com/mpnp/ies/cep
[2026-06-20 12:34:48]   [   6] depth=1 https://immigratemanitoba.com/mpnp/skilled-worker
[2026-06-20 12:34:48]   [   7] depth=1 https://immigratemanitoba.com/mpnp/skilled-worker/swm
[2026-06-20 12:34:48]   [   8] depth=1 https://immigratemanitoba.com/mpnp/skilled-worker/swo
[2026-06-20 12:34:48]   [   9] depth=1 https://immigratemanitoba.com/mpnp/ies
[2026-06-20 12:34:49]   [  10] depth=1 https://immigratemanitoba.com/mpnp/streams
[2026-06-20 12:34:49]   [  11] depth=1 https://immigratemanitoba.com/mpnp/ies/gip
[2026-06-20 12:34:49]   [  12] depth=1 https://immigratemanitoba.com/mpnp/bis
[2026-06-20 12:34:49]   [  13] depth=1 https://immigratemanitoba.com/mpnp/ies/isep
[2026-06-20 12:34:49]   [  14] depth=1 https://immigratemanitoba.com/mpnp/bis/ep
[2026-06-20 12:34:49]   [  15] depth=1 https://immigratemanitoba.com/life/work
[2026-06-20 12:34:49]   [  16] depth=1 https://immigratemanitoba.com/mpnp/policies
[2026-06-20 12:34:49]   [  17] depth=1 https://immigratemanitoba.com/life/settlement-services
[2026-06-20 12:34:49]   [  18] depth=1 https://immigratemanitoba.com/mpnp/information-sessions
[2026-06-20 12:34:49]   [  19] depth=1 https://immigratemanitoba.com/mpnp/bis/fip
[2026-06-20 12:34:49]   [  20] depth=1 https://immigratemanitoba.com/mpnp/regional-immigration-initiatives
[2026-06-20 12:34:50]   [  21] depth=1 https://immigratemanitoba.com/life
[2026-06-20 12:34:50]   [  22] depth=1 https://immigratemanitoba.com/life/regulated-occupations
[2026-06-20 12:34:51]   [  23] depth=1 https://immigratemanitoba.com/resources
[2026-06-20 12:34:51]   [  24] depth=1 https://immigratemanitoba.com/life/credential-assessment
[2026-06-20 12:34:51]   [  25] depth=1 https://immigratemanitoba.com/life/official-languages
[2026-06-20 12:34:51]   [  26] depth=1 https://immigratemanitoba.com/resources/data
[2026-06-20 12:34:51]   [  27] depth=1 https://immigratemanitoba.com/resources/federal-immigration-programs
[2026-06-20 12:34:51]   [  28] depth=1 https://immigratemanitoba.com/resources/refugees
[2026-06-20 12:34:51]   [  29] depth=1 https://immigratemanitoba.com/employer-services
[2026-06-20 12:34:52]   [  30] depth=1 https://immigratemanitoba.com/ncis
[2026-06-20 12:34:52]   [  31] depth=1 https://immigratemanitoba.com/draws
[2026-06-20 12:34:52]   [  32] depth=1 https://immigratemanitoba.com/news
[2026-06-20 12:34:52]   [  33] depth=1 https://immigratemanitoba.com/contact
[2026-06-20 12:34:52]   [  34] depth=1 https://immigratemanitoba.com/2026/06/notice-to-mpnp-website-users
[2026-06-20 12:34:52]   [  35] depth=1 https://immigratemanitoba.com/2026/04/manitoba-government-offers-support-to-rural-employers-by-optin
[2026-06-20 12:34:52]   [  36] depth=1 https://immigratemanitoba.com/2026/06/expression-of-interest-draw-273
[2026-06-20 12:34:52]   [  37] depth=1 https://immigratemanitoba.com/2026/03/changes-on-how-to-contact-the-mpnp
[2026-06-20 12:34:52]   [  38] depth=1 https://immigratemanitoba.com/2026/06/important-update-for-manitoba-provincial-nominee-program-inter
[2026-06-20 12:34:52]   [  39] depth=1 https://immigratemanitoba.com/2026/06/expression-of-interest-draw-272
[2026-06-20 12:34:52]   [  40] depth=1 https://immigratemanitoba.com/2026/05/expression-of-interest-draw-271
[2026-06-20 12:34:52]   [  41] depth=1 https://immigratemanitoba.com/2026/05/update-2025-temporary-public-policy-to-facilitate-work-permits
[2026-06-20 12:34:52]   [  42] depth=1 https://immigratemanitoba.com/2026/05/expression-of-interest-draw-270
[2026-06-20 12:34:52]   [  43] depth=1 https://immigratemanitoba.com/2026/04/expression-of-interest-draw-269
[2026-06-20 12:34:52]   [LEVEL] Fetching 107 URLs at depth 2...
[2026-06-20 12:34:55]   [  44] depth=2 https://immigratemanitoba.com/fr/pcm
[2026-06-20 12:34:55]   [  45] depth=2 https://immigratemanitoba.com/fr/pcm/declaration-interet
[2026-06-20 12:34:55]   [  46] depth=2 https://immigratemanitoba.com/fr/pcm/travailleurs-qualifies
[2026-06-20 12:34:55]   [  47] depth=2 https://immigratemanitoba.com/fr/pcm/initiatives-de-recrutement-strategique
[2026-06-20 12:34:55]   [  48] depth=2 https://immigratemanitoba.com/fr/pcm/travailleurs-qualifies/travailleurs-qualifies-etranger
[2026-06-20 12:34:55]   [  49] depth=2 https://immigratemanitoba.com/fr/pcm/visite-exploratoire
[2026-06-20 12:34:56]   [  50] depth=2 https://immigratemanitoba.com/fr/vivre/exigences-linguistiques
[2026-06-20 12:34:56]   [  51] depth=2 https://immigratemanitoba.com/fr/pcm/travailleurs-qualifies/travailleurs-qualifies-manitoba
[2026-06-20 12:34:56]   [  52] depth=2 https://immigratemanitoba.com/fr/contactez-nous
[2026-06-20 12:34:56]   [  53] depth=2 https://immigratemanitoba.com/fr/vivre/travailler
[2026-06-20 12:34:56]   [  54] depth=2 https://immigratemanitoba.com/fr/pcm/lettre-invitation
[2026-06-20 12:34:56]   [  55] depth=2 https://immigratemanitoba.com/fr/donnees
[2026-06-20 12:34:56]   [  56] depth=2 https://immigratemanitoba.com/fr/vivre/professions-reglementees
[2026-06-20 12:34:56]   [  57] depth=2 https://immigratemanitoba.com/fr/nouvelles
[2026-06-20 12:34:56]   [  58] depth=2 https://immigratemanitoba.com/fr/tirages
[2026-06-20 12:34:56]   [  59] depth=2 https://immigratemanitoba.com/fr/2026/06/avis-aux-utilisateurs-du-site-web-du-pcm
[2026-06-20 12:34:58]   [  60] depth=2 https://immigratemanitoba.com/fr/vivre/nouveaux-arrivants
[2026-06-20 12:34:58]   [  61] depth=2 https://immigratemanitoba.com/fr/programme-soutien-integration-communautaire-nouveaux-arrivants
[2026-06-20 12:34:58]   [  62] depth=2 https://immigratemanitoba.com/fr/vivre
[2026-06-20 12:34:59]   [  63] depth=2 https://immigratemanitoba.com/fr/2026/06/mise-a-jour-importante-concernant-le-programme-des-candidat
[2026-06-20 12:34:59]   [  64] depth=2 https://immigratemanitoba.com/fr/2026/05/mise-a-jour-2025-mesure-temporaire-visant-a-faciliter-lobte
[2026-06-20 12:34:59]   [  65] depth=2 https://immigratemanitoba.com/fr/2026/04/le-gouvernement-du-manitoba-offre-son-soutien-aux-employeur
[2026-06-20 12:34:59]   [  66] depth=2 https://immigratemanitoba.com/fr/2026/06/tirage-du-systeme-de-declaration-dinteret-n-273
[2026-06-20 12:34:59]   [  67] depth=2 https://immigratemanitoba.com/fr/2026/03/changements-dans-la-maniere-de-comment-contacter-le-pcm
[2026-06-20 12:34:59]   [  68] depth=2 https://immigratemanitoba.com/fr/2026/06/tirage-du-systeme-de-declaration-dinteret-n-272
[2026-06-20 12:34:59]   [  69] depth=2 https://immigratemanitoba.com/fr/2026/03/tirage-du-systeme-de-declaration-dinteret-n-267
[2026-06-20 12:34:59]   [  70] depth=2 https://immigratemanitoba.com/mpnp/skilled-worker/swm/eligibility
[2026-06-20 12:34:59]   [  71] depth=2 https://immigratemanitoba.com/fr/2026/05/tirage-du-systeme-de-declaration-dinteret-n-271
[2026-06-20 12:34:59]   [  72] depth=2 https://immigratemanitoba.com/fr/2026/04/tirage-du-systeme-de-declaration-dinteret-n-268
[2026-06-20 12:35:00]   [  73] depth=2 https://immigratemanitoba.com/mpnp/apply
[2026-06-20 12:35:00]   [  74] depth=2 https://immigratemanitoba.com/mpnp/ies/cep/eligibility
[2026-06-20 12:35:00]   [  75] depth=2 https://immigratemanitoba.com/mpnp/skilled-worker/swo/eligibility
[2026-06-20 12:35:00]   [  76] depth=2 https://immigratemanitoba.com/mpnp/ies/gip/eligibility
[2026-06-20 12:35:00]   [  77] depth=2 https://immigratemanitoba.com/mpnp/ies/isep/eligibility
[2026-06-20 12:35:00]   [  78] depth=2 https://immigratemanitoba.com/mpnp/ies/isep/apply
[2026-06-20 12:35:01]   [  79] depth=2 https://immigratemanitoba.com/mpnp/bis/ep/eligibility
[2026-06-20 12:35:01]   [  80] depth=2 https://immigratemanitoba.com/mpnp/bis/ep/apply
[2026-06-20 12:35:01]   [  81] depth=2 https://immigratemanitoba.com/mpnp/bis/fip/eligibility
[2026-06-20 12:35:01]   [  82] depth=2 https://immigratemanitoba.com/mpnp/policies/commitment-to-settle
[2026-06-20 12:35:01]   [  83] depth=2 https://immigratemanitoba.com/mpnp/policies/contact-information
[2026-06-20 12:35:02]   [  84] depth=2 https://immigratemanitoba.com/mpnp/policies/dependants
[2026-06-20 12:35:02]   [  85] depth=2 https://immigratemanitoba.com/mpnp/policies/glossary
[2026-06-20 12:35:02]   [  86] depth=2 https://immigratemanitoba.com/mpnp/policies/information-accuracy
[2026-06-20 12:35:02]   [  87] depth=2 https://immigratemanitoba.com/mpnp/policies/immigration-representatives
[2026-06-20 12:35:03]   [  88] depth=2 https://immigratemanitoba.com/mpnp/policies/language-proficiency
[2026-06-20 12:35:03]   [  89] depth=2 https://immigratemanitoba.com/mpnp/bis/fip/apply
[2026-06-20 12:35:03]   [  90] depth=2 https://immigratemanitoba.com/mpnp/policies/procedural-fairness
[2026-06-20 12:35:03]   [  91] depth=2 https://immigratemanitoba.com/mpnp/policies/truthful-and-correct-information
[2026-06-20 12:35:03]   [  92] depth=2 https://immigratemanitoba.com/mpnp/policies/settlement-funds
[2026-06-20 12:35:03]   [  93] depth=2 https://immigratemanitoba.com/mpnp/apply/documents
[2026-06-20 12:35:03]   [  94] depth=2 https://immigratemanitoba.com/mpnp/apply/eoi
[2026-06-20 12:35:03]   [  95] depth=2 https://immigratemanitoba.com/2025/04/temporary-public-policy-to-facilitate-work-permits-for-prospec
[2026-06-20 12:35:03]   [  96] depth=2 https://immigratemanitoba.com/life/pre-arrival
[2026-06-20 12:35:03]   [  97] depth=2 https://immigratemanitoba.com/mpnp/policies/wpsl
[2026-06-20 12:35:05]   [  98] depth=2 https://immigratemanitoba.com/life/regulated-occupations/financial-supports
[2026-06-20 12:35:06]   [  99] depth=2 https://immigratemanitoba.com/life/post-arrival
[2026-06-20 12:35:06]   [ 100] depth=2 https://immigratemanitoba.com/life/regulated-occupations/accountant
[2026-06-20 12:35:06]   [ 101] depth=2 https://immigratemanitoba.com/life/regulated-occupations/designated-trades
[2026-06-20 12:35:06]   [ 102] depth=2 https://immigratemanitoba.com/life/regulated-occupations/agrologist
[2026-06-20 12:35:07]   [ 103] depth=2 https://immigratemanitoba.com/life/regulated-occupations/dentist
[2026-06-20 12:35:07]   [ 104] depth=2 https://immigratemanitoba.com/life/regulated-occupations/faq
[2026-06-20 12:35:07]   [ 105] depth=2 https://immigratemanitoba.com/life/regulated-occupations/child-care-worker
[2026-06-20 12:35:08]   [ 106] depth=2 https://immigratemanitoba.com/life/regulated-occupations/eng-tech
[2026-06-20 12:35:08]   [ 107] depth=2 https://immigratemanitoba.com/life/regulated-occupations/geoscientist
[2026-06-20 12:35:08]   [ 108] depth=2 https://immigratemanitoba.com/life/regulated-occupations/lpn
[2026-06-20 12:35:08]   [ 109] depth=2 https://immigratemanitoba.com/life/regulated-occupations/lawyer
[2026-06-20 12:35:08]   [ 110] depth=2 https://immigratemanitoba.com/life/regulated-occupations/architect
[2026-06-20 12:35:08]   [ 111] depth=2 https://immigratemanitoba.com/life/regulated-occupations/dietitian
[2026-06-20 12:35:09]   [ 112] depth=2 https://immigratemanitoba.com/life/regulated-occupations/engineer
[2026-06-20 12:35:09]   [ 113] depth=2 https://immigratemanitoba.com/life/regulated-occupations/physiotherapist
[2026-06-20 12:35:09]   [ 114] depth=2 https://immigratemanitoba.com/life/regulated-occupations/mlt
[2026-06-20 12:35:10]   [ 115] depth=2 https://immigratemanitoba.com/life/regulated-occupations/optometrist
[2026-06-20 12:35:10]   [ 116] depth=2 https://immigratemanitoba.com/life/regulated-occupations/rpn
[2026-06-20 12:35:11]   [ 117] depth=2 https://immigratemanitoba.com/life/regulated-occupations/rn
[2026-06-20 12:35:11]   [ 118] depth=2 https://immigratemanitoba.com/life/regulated-occupations/social-worker
[2026-06-20 12:35:11]   [ 119] depth=2 https://immigratemanitoba.com/life/regulated-occupations/veterinarian
[2026-06-20 12:35:11]   [ 120] depth=2 https://immigratemanitoba.com/resources/data/monthly-data-2019
[2026-06-20 12:35:12]   [ 121] depth=2 https://immigratemanitoba.com/life/regulated-occupations/teacher
[2026-06-20 12:35:12]   [ 122] depth=2 https://immigratemanitoba.com/resources/data/monthly-data-2020
[2026-06-20 12:35:13]   [ 123] depth=2 https://immigratemanitoba.com/resources/data/monthly-data-2024
[2026-06-20 12:35:13]   [ 124] depth=2 https://immigratemanitoba.com/resources/data/monthly-data-2018
[2026-06-20 12:35:13]   [ 125] depth=2 https://immigratemanitoba.com/resources/data/monthly-data-2022
[2026-06-20 12:35:13]   [ 126] depth=2 https://immigratemanitoba.com/resources/data/monthly-data-2021
[2026-06-20 12:35:13]   [ 127] depth=2 https://immigratemanitoba.com/resources/data/monthly-data-2023
[2026-06-20 12:35:13]   [ 128] depth=2 https://immigratemanitoba.com/resources/data/monthly-data-2026
[2026-06-20 12:35:13]   [ 129] depth=2 https://immigratemanitoba.com/resources/data/annual-report-2019
[2026-06-20 12:35:13]   [ 130] depth=2 https://immigratemanitoba.com/resources/data/annual-report-2017
[2026-06-20 12:35:13]   [ 131] depth=2 https://immigratemanitoba.com/resources/data/annual-report-2018
[2026-06-20 12:35:14]   [ 132] depth=2 https://immigratemanitoba.com/resources/data/annual-report-2021
[2026-06-20 12:35:14]   [ 133] depth=2 https://immigratemanitoba.com/resources/data/monthly-data-2025
[2026-06-20 12:35:15]   [ 134] depth=2 https://immigratemanitoba.com/resources/data/annual-report-2023
[2026-06-20 12:35:16]   [ 135] depth=2 https://immigratemanitoba.com/resources/data/annual-report-2022
[2026-06-20 12:35:16]   [ 136] depth=2 https://immigratemanitoba.com/resources/data/annual-report-2020
[2026-06-20 12:35:17]   [ 137] depth=2 https://immigratemanitoba.com/resources/data/facts-report-2016
[2026-06-20 12:35:17]   [ 138] depth=2 https://immigratemanitoba.com/resources/data/annual-report-2024
[2026-06-20 12:35:18]   [ 139] depth=2 https://immigratemanitoba.com/resources/data/facts-report-2018
[2026-06-20 12:35:18]   [ 140] depth=2 https://immigratemanitoba.com/resources/data/facts-report-2019
[2026-06-20 12:35:18]   [ 141] depth=2 https://immigratemanitoba.com/resources/data/facts-report-2017
[2026-06-20 12:35:18]   [ 142] depth=2 https://immigratemanitoba.com/resources/data/facts-report-2020
[2026-06-20 12:35:19]   [ 143] depth=2 https://immigratemanitoba.com/employer-services/edi
[2026-06-20 12:35:19]   [ 144] depth=2 https://immigratemanitoba.com/employer-services/trrp
[2026-06-20 12:35:19]   [ 145] depth=2 https://immigratemanitoba.com/ncis/msss
[2026-06-20 12:35:19]   [ 146] depth=2 https://immigratemanitoba.com/employer-services/long-haul-truck-driver-recruitment-guidelines
[2026-06-20 12:35:19]   [ 147] depth=2 https://immigratemanitoba.com/ncis/msss/call-for-applications-2026-27
[2026-06-20 12:35:20]   [ 148] depth=2 https://immigratemanitoba.com/employer-services/trrp/faq
[2026-06-20 12:35:20]   [ 149] depth=2 https://immigratemanitoba.com/resources/data/facts-report-2022
[2026-06-20 12:35:20]   [ 150] depth=2 https://immigratemanitoba.com/resources/data/facts-report-2021
[2026-06-20 12:35:20] 
[OK] Discovered 150 pages
[2026-06-20 12:35:20]      Manifest: C:\Users\40270\Desktop\workspace\short-video-studio\docs\mb-immigration\manifest.json
