[2026-06-20 13:05:40] BFS Discovery starting from: https://www.gov.nl.ca/immigration
[2026-06-20 13:05:40]   Max depth: 2, Max pages: 150, Concurrency: 20
[2026-06-20 13:05:40]   [LEVEL] Fetching 1 URLs at depth 0...
[2026-06-20 13:05:41]   [   1] depth=0 https://www.gov.nl.ca/immigration
[2026-06-20 13:05:41]   [LEVEL] Fetching 48 URLs at depth 1...
[2026-06-20 13:05:42]   [   2] depth=1 https://www.gov.nl.ca/immigration/immigrating-to-newfoundland-and-labrador/provincial-nominee-progra
[2026-06-20 13:05:42]   [   3] depth=1 https://www.gov.nl.ca/immigration/immigrating-to-newfoundland-and-labrador/provincial-nominee-progra
[2026-06-20 13:05:42]   [   4] depth=1 https://www.gov.nl.ca/immigration/immigrating-to-newfoundland-and-labrador/atlantic-immigration-prog
[2026-06-20 13:05:42]   [   5] depth=1 https://www.gov.nl.ca/immigration/expression-of-interest-model-overview
[2026-06-20 13:05:42]   [   6] depth=1 https://www.gov.nl.ca/immigration/expression-of-interest-model-prioritization-criteria
[2026-06-20 13:05:42]   [   7] depth=1 https://www.gov.nl.ca/immigration/immigrating-to-newfoundland-and-labrador
[2026-06-20 13:05:42]   [   8] depth=1 https://www.gov.nl.ca/immigration/expression-of-interest-model-faqs
[2026-06-20 13:05:42]   [   9] depth=1 https://www.gov.nl.ca/immigration/immigrating-to-newfoundland-and-labrador/provincial-nominee-progra
[2026-06-20 13:05:43]   [  10] depth=1 https://www.gov.nl.ca/immigration/immigrating-to-newfoundland-and-labrador/provincial-nominee-progra
[2026-06-20 13:05:43]   [  11] depth=1 https://www.gov.nl.ca/immigration/immigrating-to-newfoundland-and-labrador/provincial-nominee-progra
[2026-06-20 13:05:43]   [  12] depth=1 https://www.gov.nl.ca/immigration/immigrating-to-newfoundland-and-labrador/provincial-nominee-progra
[2026-06-20 13:05:43]   [  13] depth=1 https://www.gov.nl.ca/immigration/immigrating-to-newfoundland-and-labrador/provincial-nominee-progra
[2026-06-20 13:05:43]   [  14] depth=1 https://www.gov.nl.ca/immigration/immigrating-to-newfoundland-and-labrador/provincial-nominee-progra
[2026-06-20 13:05:43]   [  15] depth=1 https://www.gov.nl.ca/immigration/immigrating-to-newfoundland-and-labrador/provincial-nominee-progra
[2026-06-20 13:05:43]   [  16] depth=1 https://www.gov.nl.ca/immigration/immigrating-to-newfoundland-and-labrador/provincial-nominee-progra
[2026-06-20 13:05:43]   [  17] depth=1 https://www.gov.nl.ca/immigration/immigrating-to-newfoundland-and-labrador/provincial-nominee-progra
[2026-06-20 13:05:43]   [  18] depth=1 https://www.gov.nl.ca/immigration/immigrating-to-newfoundland-and-labrador/provincial-nominee-progra
[2026-06-20 13:05:43]   [  19] depth=1 https://www.gov.nl.ca/immigration/invitations-to-apply-updates
[2026-06-20 13:05:43]   [  20] depth=1 https://www.gov.nl.ca/immigration/job-vacancy-assessment
[2026-06-20 13:05:43]   [SKIP] HTTP 404: https://www.gov.nl.ca/immigration/immigrating-to-newfoundland-and-labrador/provi
[2026-06-20 13:05:43]   [  21] depth=1 https://www.gov.nl.ca/immigration/immigrating-to-newfoundland-and-labrador/atlantic-immigration-prog
[2026-06-20 13:05:43]   [  22] depth=1 https://www.gov.nl.ca/immigration/immigrating-to-newfoundland-and-labrador/atlantic-immigration-prog
[2026-06-20 13:05:43]   [  23] depth=1 https://www.gov.nl.ca/immigration/immigrating-to-newfoundland-and-labrador/atlantic-immigration-prog
[2026-06-20 13:05:44]   [  24] depth=1 https://www.gov.nl.ca/immigration/de-designation
[2026-06-20 13:05:44]   [  25] depth=1 https://www.gov.nl.ca/immigration/immigrating-to-newfoundland-and-labrador/atlantic-immigration-prog
[2026-06-20 13:05:44]   [  26] depth=1 https://www.gov.nl.ca/immigration/general-policies-2
[2026-06-20 13:05:44]   [  27] depth=1 https://www.gov.nl.ca/immigration/newfoundland-and-labrador-multiculturalism-grant-program-nlmgp
[2026-06-20 13:05:44]   [  28] depth=1 https://www.gov.nl.ca/immigration/excluded-positions
[2026-06-20 13:05:44]   [  29] depth=1 https://www.gov.nl.ca/immigration/skilled-workers-category
[2026-06-20 13:05:44]   [  30] depth=1 https://www.gov.nl.ca/immigration/international-graduate-category
[2026-06-20 13:05:44]   [  31] depth=1 https://www.gov.nl.ca/immigration/immigration-agreements-and-reports
[2026-06-20 13:05:44]   [  32] depth=1 https://www.gov.nl.ca/immigration/immigration-agreements-and-reports/canada-newfoundland-and-labrado
[2026-06-20 13:05:44]   [  33] depth=1 https://www.gov.nl.ca/immigration/immigration-agreements-and-reports/canada-newfoundland-and-labrado
[2026-06-20 13:05:44]   [  34] depth=1 https://www.gov.nl.ca/immigration/settlement-and-other-resources/overview
[2026-06-20 13:05:44]   [  35] depth=1 https://www.gov.nl.ca/immigration/in-canada-refugee-claimants
[2026-06-20 13:05:44]   [  36] depth=1 https://www.gov.nl.ca/immigration/oim-publications-and-reports
[2026-06-20 13:05:44]   [  37] depth=1 https://www.gov.nl.ca/immigration/job-vacancy-assessment-2
[2026-06-20 13:05:45]   [  38] depth=1 https://www.gov.nl.ca/immigration/program-policies-and-procedures
[2026-06-20 13:05:45]   [  39] depth=1 https://www.gov.nl.ca/immigration/multiculturalism
[2026-06-20 13:05:45]   [  40] depth=1 https://www.gov.nl.ca/immigration/newfoundland-and-labrador-settlement-and-integration-program
[2026-06-20 13:05:45]   [  41] depth=1 https://www.gov.nl.ca/immigration/strengthening-provincial-immigration-programs-and-foreign-worker-p
[2026-06-20 13:05:45]   [  42] depth=1 https://www.gov.nl.ca/immigration/diversitycalendar
[2026-06-20 13:05:45]   [  43] depth=1 https://www.gov.nl.ca/immigration/express-entry-skilled-worker-category
[2026-06-20 13:05:45]   [  44] depth=1 https://www.gov.nl.ca/immigration/contact-us
[2026-06-20 13:05:45]   [  45] depth=1 https://www.gov.nl.ca/immigration/myths-facts
[2026-06-20 13:05:45]   [  46] depth=1 https://www.gov.nl.ca/immigration/mandate
[2026-06-20 13:05:46]   [  47] depth=1 https://www.gov.nl.ca/immigration/immigrating-to-newfoundland-and-labrador/provincial-nominee-progra
[2026-06-20 13:05:46]   [LEVEL] Fetching 103 URLs at depth 2...
[2026-06-20 13:05:47]   [  48] depth=2 https://www.gov.nl.ca/immigration/apercu-du-programme-des-candidats-de-la-province-de-terre-neuve-et
[2026-06-20 13:05:47]   [  49] depth=2 https://www.gov.nl.ca/immigration/employer/1342205-ontario-ltd-a-o-surplus-furniture-and-mattress-wa
[2026-06-20 13:05:47]   [  50] depth=2 https://www.gov.nl.ca/immigration/4-skilled-worker-category-eligibility-criteria
[2026-06-20 13:05:47]   [  51] depth=2 https://www.gov.nl.ca/immigration/employer/10112755-canada-inc-o-a-nomad-stages
[2026-06-20 13:05:47]   [  52] depth=2 https://www.gov.nl.ca/immigration/employer/53385-newfoundland-and-labrador-inc-o-a-akita-equipment-a
[2026-06-20 13:05:47]   [  53] depth=2 https://www.gov.nl.ca/immigration/employer/10113-newfoundland-ltd-o-a-mary-browns
[2026-06-20 13:05:47]   [  54] depth=2 https://www.gov.nl.ca/immigration/4-international-graduate-category-eligibility-criteria
[2026-06-20 13:05:47]   [  55] depth=2 https://www.gov.nl.ca/immigration/entree-express-criteres-dadmissibilite-de-la-categorie-des-travail
[2026-06-20 13:05:47]   [  56] depth=2 https://www.gov.nl.ca/immigration/employer/13910-nf-lab-inc-o-a-fewers-ambulance-service
[2026-06-20 13:05:47]   [  57] depth=2 https://www.gov.nl.ca/immigration/apercu
[2026-06-20 13:05:47]   [  58] depth=2 https://www.gov.nl.ca/immigration/employer/10464-newfoundland-ltd-o-a-jungle-jims-restaurant
[2026-06-20 13:05:47]   [  59] depth=2 https://www.gov.nl.ca/immigration/criteres-dadmissibilite-de-la-categorie-des-travailleurs-qualifies
[2026-06-20 13:05:47]   [  60] depth=2 https://www.gov.nl.ca/immigration/employer/3ts-limited-o-a-3ts
[2026-06-20 13:05:47]   [  61] depth=2 https://www.gov.nl.ca/immigration/employer/12924692-canada-inc
[2026-06-20 13:05:47]   [  62] depth=2 https://www.gov.nl.ca/immigration/employer/61065-newfoundland-and-labrador-inc-o-a-the-golden-years-
[2026-06-20 13:05:47]   [  63] depth=2 https://www.gov.nl.ca/immigration/4-express-entry-skilled-worker-category-eligibility-criteria
[2026-06-20 13:05:47]   [  64] depth=2 https://www.gov.nl.ca/immigration/employer/10565-nfld-inc-o-a-hotel-north
[2026-06-20 13:05:47]   [  65] depth=2 https://www.gov.nl.ca/immigration/employer/1949-barber-shop-ltd-o-a-1949-barber-shop
[2026-06-20 13:05:47]   [  66] depth=2 https://www.gov.nl.ca/immigration/8-ineligible-employers
[2026-06-20 13:05:47]   [  67] depth=2 https://www.gov.nl.ca/immigration/employer/13199657-canada-inc-o-a-brophys-ultramar
[2026-06-20 13:05:48]   [  68] depth=2 https://www.gov.nl.ca/immigration/employer/70535-newfoundland-and-labrador-inc-o-a-aw-restaurant
[2026-06-20 13:05:48]   [  69] depth=2 https://www.gov.nl.ca/immigration/employer/64354-newfoundland-labrador-ltd-o-a-freedom-foods-mcdonal
[2026-06-20 13:05:48]   [  70] depth=2 https://www.gov.nl.ca/immigration/employer/70838-newfoundland-labrador-ltd-o-a-u-designs
[2026-06-20 13:05:48]   [  71] depth=2 https://www.gov.nl.ca/immigration/employer/71516-newfoundland-labrador-inc-a-o-yes-wok-restaurant
[2026-06-20 13:05:48]   [  72] depth=2 https://www.gov.nl.ca/immigration/employer/72351-nl-lab-inc-o-a-reliable-ambulance-service
[2026-06-20 13:05:48]   [  73] depth=2 https://www.gov.nl.ca/immigration/employer/72452-newfoundland-and-labrador-inc-o-a-jumping-bean
[2026-06-20 13:05:48]   [  74] depth=2 https://www.gov.nl.ca/immigration/employer/72764-newfoundland-labrador-o-a-mary-browns
[2026-06-20 13:05:48]   [  75] depth=2 https://www.gov.nl.ca/immigration/employer/74547-newfoundland-and-labrador-inc-o-a-milestones-early-
[2026-06-20 13:05:48]   [  76] depth=2 https://www.gov.nl.ca/immigration/employer/7772-newfoundland-and-labrador-inc-o-a-burritos-mexican-g
[2026-06-20 13:05:48]   [  77] depth=2 https://www.gov.nl.ca/immigration/employer/76361-nl-inc-o-a-a-w
[2026-06-20 13:05:49]   [  78] depth=2 https://www.gov.nl.ca/immigration/employer/78117-newfoundland-labrador-ltd-o-a-hew-and-draw-hotel
[2026-06-20 13:05:49]   [  79] depth=2 https://www.gov.nl.ca/immigration/employer/74501-newfoundland-labrador-inc-o-a-st-johns-fish-exchang
[2026-06-20 13:05:49]   [  80] depth=2 https://www.gov.nl.ca/immigration/employer/75961-newfoundland-and-labrador-inc-o-a-cyno
[2026-06-20 13:05:49]   [  81] depth=2 https://www.gov.nl.ca/immigration/employer/78426-newfoundland-and-labrador-limited-o-a-volkswagen-st
[2026-06-20 13:05:49]   [  82] depth=2 https://www.gov.nl.ca/immigration/employer/76377-newfoundland-and-labrador-corp-o-a-robins-donuts
[2026-06-20 13:05:49]   [  83] depth=2 https://www.gov.nl.ca/immigration/employer/79726-nl-lab-inc-o-a-orams-bethesda-manor
[2026-06-20 13:05:49]   [  84] depth=2 https://www.gov.nl.ca/immigration/employer/79765-nl-inc-a-o-westbury-estates-seniors-living
[2026-06-20 13:05:49]   [  85] depth=2 https://www.gov.nl.ca/immigration/employer/74167-newfoundland-and-labrador-inc-o-a-pita-pit
[2026-06-20 13:05:49]   [  86] depth=2 https://www.gov.nl.ca/immigration/employer/78187-nl-inc-o-a-mucho-burrito
[2026-06-20 13:05:49]   [  87] depth=2 https://www.gov.nl.ca/immigration/employer/75211-newfoundland-labrador-inc-o-a-holiday-inn-express-s
[2026-06-20 13:05:49]   [  88] depth=2 https://www.gov.nl.ca/immigration/employer/80383-newfoundland-labrador-inc-o-a-the-spa
[2026-06-20 13:05:49]   [  89] depth=2 https://www.gov.nl.ca/immigration/employer/80488-newfoundland-labrador-ltd-o-a-old-town-pizza
[2026-06-20 13:05:49]   [  90] depth=2 https://www.gov.nl.ca/immigration/employer/82117-newfound-and-labrador-inc-o-a-menchies-yogurt
[2026-06-20 13:05:49]   [  91] depth=2 https://www.gov.nl.ca/immigration/employer/82360-newfoundland-labrador-inc-a-o-gingergrass-thai-and-
[2026-06-20 13:05:49]   [  92] depth=2 https://www.gov.nl.ca/immigration/employer/81587-newfoundland-labrador-corp-o-a-mary-browns
[2026-06-20 13:05:49]   [  93] depth=2 https://www.gov.nl.ca/immigration/employer/81821-newfoundland-labrador-ltd-o-a-g-salon
[2026-06-20 13:05:49]   [  94] depth=2 https://www.gov.nl.ca/immigration/employer/5320-2
[2026-06-20 13:05:49]   [  95] depth=2 https://www.gov.nl.ca/immigration/employer/85429-newfoundland-and-labrador-corp
[2026-06-20 13:05:49]   [  96] depth=2 https://www.gov.nl.ca/immigration/employer/85216-newfoundland-and-labrador-ltd-o-a-wok-box
[2026-06-20 13:05:49]   [  97] depth=2 https://www.gov.nl.ca/immigration/employer/86280-newfoundland-labrador-corp-a-o-pur-simple-paradise
[2026-06-20 13:05:49]   [  98] depth=2 https://www.gov.nl.ca/immigration/employer/85429-newfoundland-and-labrador-corp-o-a-freedom-foods-mc
[2026-06-20 13:05:50]   [  99] depth=2 https://www.gov.nl.ca/immigration/employer/86790-newfoundland-labrador-limited-a-o-black-rock-paving
[2026-06-20 13:05:50]   [ 100] depth=2 https://www.gov.nl.ca/immigration/employer/86754-newfoundland-labrador-inc-o-a-newground-property-ma
[2026-06-20 13:05:50]   [ 101] depth=2 https://www.gov.nl.ca/immigration/employer/86820-newfoundland-labrador-ltd-a-o-liv
[2026-06-20 13:05:50]   [ 102] depth=2 https://www.gov.nl.ca/immigration/employer/86956-newfoundland-labrador-inc-o-a-winged-eagle-barbersh
[2026-06-20 13:05:50]   [ 103] depth=2 https://www.gov.nl.ca/immigration/employer/90271-newfoundland-labrador-ltd-o-a-mucho-burrito-avalon-
[2026-06-20 13:05:50]   [ 104] depth=2 https://www.gov.nl.ca/immigration/employer/92796-newfoundland-labrador-corp-a-o-newfoundland-comfort
[2026-06-20 13:05:50]   [ 105] depth=2 https://www.gov.nl.ca/immigration/employer/aberdeen-pizza-ltd-a-o-pizza-delight
[2026-06-20 13:05:50]   [ 106] depth=2 https://www.gov.nl.ca/immigration/employer/89351-newfoundland-labrador-ltd-o-a-jin-dragon-restaurant
[2026-06-20 13:05:50]   [ 107] depth=2 https://www.gov.nl.ca/immigration/employer/97149-newfoundland-and-labrador-limited-o-a-cambridge-est
[2026-06-20 13:05:50]   [ 108] depth=2 https://www.gov.nl.ca/immigration/employer/ace-wetclean-laundry-ltd-o-a-ace-wetclean
[2026-06-20 13:05:51]   [ 109] depth=2 https://www.gov.nl.ca/immigration/employer/a-h-pizza-inc-o-a-peters-pizza
[2026-06-20 13:05:51]   [ 110] depth=2 https://www.gov.nl.ca/immigration/employer/adelaide-and-george-inc-o-a-kellys-pub
[2026-06-20 13:05:51]   [ 111] depth=2 https://www.gov.nl.ca/immigration/employer/abler-hd-canada-inc
[2026-06-20 13:05:51]   [ 112] depth=2 https://www.gov.nl.ca/immigration/employer/admiral-immigration-solutions-inc
[2026-06-20 13:05:51]   [ 113] depth=2 https://www.gov.nl.ca/immigration/employer/abm-systems-limited-systemes-abm-limitee-o-a-abm-integrat
[2026-06-20 13:05:51]   [ 114] depth=2 https://www.gov.nl.ca/immigration/employer/action-auto-window-glass-ltd
[2026-06-20 13:05:51]   [ 115] depth=2 https://www.gov.nl.ca/immigration/employer/ab-complex-inc
[2026-06-20 13:05:51]   [ 116] depth=2 https://www.gov.nl.ca/immigration/employer/ag-pikes-holdings-ltd-o-a-pikes-home-hardware-building-ce
[2026-06-20 13:05:51]   [ 117] depth=2 https://www.gov.nl.ca/immigration/employer/ahf-developments-o-a-coras-breakfast-and-lunch
[2026-06-20 13:05:51]   [ 118] depth=2 https://www.gov.nl.ca/immigration/employer/air-borealis-ltd
[2026-06-20 13:05:51]   [ 119] depth=2 https://www.gov.nl.ca/immigration/employer/amal-youth-and-family-centre-inc-a-o-amal-youth-and-famil
[2026-06-20 13:05:51]   [ 120] depth=2 https://www.gov.nl.ca/immigration/employer/a-auto-service-center-2017-ltd
[2026-06-20 13:05:51]   [ 121] depth=2 https://www.gov.nl.ca/immigration/employer/amity-foods-inc-o-a-tim-hortons
[2026-06-20 13:05:51]   [ 122] depth=2 https://www.gov.nl.ca/immigration/employer/advance-plus-tech-solutions-inc
[2026-06-20 13:05:51]   [ 123] depth=2 https://www.gov.nl.ca/immigration/employer/advanced-woodwork-and-design-limited
[2026-06-20 13:05:51]   [ 124] depth=2 https://www.gov.nl.ca/immigration/employer/all-care-home-support-ltd
[2026-06-20 13:05:51]   [ 125] depth=2 https://www.gov.nl.ca/immigration/employer/alexander-bay-automotive-ltd
[2026-06-20 13:05:51]   [ 126] depth=2 https://www.gov.nl.ca/immigration/employer/andaluzia-market-inc
[2026-06-20 13:05:51]   [ 127] depth=2 https://www.gov.nl.ca/immigration/employer/apples-to-zebras-daycare-inc
[2026-06-20 13:05:51]   [ 128] depth=2 https://www.gov.nl.ca/immigration/employer/amauligak-services-contracting-ltd-o-a-peps-diner
[2026-06-20 13:05:51]   [ 129] depth=2 https://www.gov.nl.ca/immigration/employer/aravind-muthusamy-o-a-eat-east-atlantic-tandoor
[2026-06-20 13:05:51]   [ 130] depth=2 https://www.gov.nl.ca/immigration/employer/arthur-kitchens-inc-o-a-arthur-foods
[2026-06-20 13:05:52]   [ 131] depth=2 https://www.gov.nl.ca/immigration/employer/artistic-hair-designs
[2026-06-20 13:05:52]   [ 132] depth=2 https://www.gov.nl.ca/immigration/employer/ash-drywall-limited
[2026-06-20 13:05:52]   [ 133] depth=2 https://www.gov.nl.ca/immigration/employer/asian-cafe-holdings-inc-o-a-asian-cafe
[2026-06-20 13:05:52]   [ 134] depth=2 https://www.gov.nl.ca/immigration/employer/avalon-laboratories-inc-a-o-avalon-labs
[2026-06-20 13:05:52]   [ 135] depth=2 https://www.gov.nl.ca/immigration/employer/atlantican-general-trading-inc
[2026-06-20 13:05:52]   [ 136] depth=2 https://www.gov.nl.ca/immigration/employer/avalon-holographics-inc-o-a-avalon-holographics
[2026-06-20 13:05:52]   [ 137] depth=2 https://www.gov.nl.ca/immigration/employer/avalon-tech-and-tailor-inc
[2026-06-20 13:05:52]   [ 138] depth=2 https://www.gov.nl.ca/immigration/employer/b-b-nepali-cuisine-ltd-o-a-t-a-peters-pizza
[2026-06-20 13:05:52]   [ 139] depth=2 https://www.gov.nl.ca/immigration/employer/baccalieu-retirement-living-inc-o-a-baccalieu-retirement-
[2026-06-20 13:05:52]   [ 140] depth=2 https://www.gov.nl.ca/immigration/employer/baie-verte-building-supplies-inc-o-a-home-hardware
[2026-06-20 13:05:52]   [ 141] depth=2 https://www.gov.nl.ca/immigration/employer/b-f-enterprises-ltd-mary-browns
[2026-06-20 13:05:52]   [ 142] depth=2 https://www.gov.nl.ca/immigration/employer/balaji-enterprises-limited-o-a-springdale-supermarket
[2026-06-20 13:05:52]   [ 143] depth=2 https://www.gov.nl.ca/immigration/employer/baie-vista-inn-limited-o-a-baie-vista-inn
[2026-06-20 13:05:53]   [ 144] depth=2 https://www.gov.nl.ca/immigration/employer/bay-view-holdings-inc-o-a-battens-esso
[2026-06-20 13:05:53]   [ 145] depth=2 https://www.gov.nl.ca/immigration/employer/bay-roberts-food-services-ltd-o-a-aw-bay-roberts
[2026-06-20 13:05:53]   [ 146] depth=2 https://www.gov.nl.ca/immigration/employer/bartlett-food-services-ltd-o-a-aw-c-b-s
[2026-06-20 13:05:53]   [ 147] depth=2 https://www.gov.nl.ca/immigration/employer/bali-nail-salon-ltd
[2026-06-20 13:05:53]   [ 148] depth=2 https://www.gov.nl.ca/immigration/employer/awesome-enterprises-limited-o-a-acropolis-pizza
[2026-06-20 13:05:53]   [ 149] depth=2 https://www.gov.nl.ca/immigration/employer/bc-general-partners-inc-o-a-bishops-gardens-seniors-livin
[2026-06-20 13:05:53]   [ 150] depth=2 https://www.gov.nl.ca/immigration/employer/bay-group-inc-o-a-mary-browns
[2026-06-20 13:05:53] 
[OK] Discovered 150 pages
[2026-06-20 13:05:53]      Manifest: C:\Users\40270\Desktop\workspace\short-video-studio\docs\nl-immigration\manifest.json
