[2026-06-20 13:28:24] Downloading 9 pages as Markdown (HTML -> MD)
[2026-06-20 13:28:24]   Output: C:\Users\40270\Desktop\workspace\short-video-studio\docs\pe-immigration\md
[2026-06-20 13:28:24]   Concurrency: 10, Delay: 0.2s
[2026-06-20 13:28:24]   Converter: default
[2026-06-20 13:28:24]   Profile: (none -- using defaults)
[2026-06-20 13:28:24]   [   1/9] index.md (0.5 KB)
[2026-06-20 13:28:25]   [   2/9] intermediate-experience-stream.md (10.9 KB)
[2026-06-20 13:28:25]   [   3/9] skilled-workers-outside-canada.md (9.2 KB)
[2026-06-20 13:28:25]   [   4/9] international-recruitment-events.md (3.5 KB)
[2026-06-20 13:28:26]   [   5/9] expression-of-interest-draws.md (3.6 KB)
[2026-06-20 13:28:26]   [   6/9] occupations-in-demand.md (10.5 KB)
[2026-06-20 13:28:26]   [   7/9] pei-express-entry.md (10.4 KB)
[2026-06-20 13:28:26]   [   8/9] skilled-workers-in-pei.md (9.1 KB)
[2026-06-20 13:28:27]   [   9/9] provincial-nominee-program.md (2.0 KB)
[2026-06-20 13:28:27] 
============================================================
[2026-06-20 13:28:27] DOWNLOAD COMPLETE
[2026-06-20 13:28:27]   Saved:   9
[2026-06-20 13:28:27]   Skipped: 0
[2026-06-20 13:28:27]   Failed:  0
[2026-06-20 13:28:27]   Output:  C:\Users\40270\Desktop\workspace\short-video-studio\docs\pe-immigration\md
[2026-06-20 13:28:27] ============================================================
