[2026-06-20 12:33:54] BFS Discovery starting from: https://www.quebec.ca/en/immigration
[2026-06-20 12:33:54]   Max depth: 2, Max pages: 150, Concurrency: 20
[2026-06-20 12:33:54]   [LEVEL] Fetching 1 URLs at depth 0...
[2026-06-20 12:33:54]   [   1] depth=0 https://www.quebec.ca/en/immigration
[2026-06-20 12:33:54]   [LEVEL] Fetching 10 URLs at depth 1...
[2026-06-20 12:33:55]   [   2] depth=1 https://www.quebec.ca/en/immigration/permanent/skilled-workers
[2026-06-20 12:33:55]   [   3] depth=1 https://www.quebec.ca/en/immigration/online-immigration-services
[2026-06-20 12:33:55]   [   4] depth=1 https://www.quebec.ca/en/immigration/settle-and-integrate-in-quebec
[2026-06-20 12:33:55]   [   5] depth=1 https://www.quebec.ca/en/immigration/fraud-prevention
[2026-06-20 12:33:55]   [   6] depth=1 https://www.quebec.ca/en/immigration/work-quebec
[2026-06-20 12:33:55]   [   7] depth=1 https://www.quebec.ca/en/immigration/integration-service-for-immigrants
[2026-06-20 12:33:55]   [   8] depth=1 https://www.quebec.ca/en/immigration/french-in-quebec
[2026-06-20 12:33:55]   [   9] depth=1 https://www.quebec.ca/en/immigration/permanent
[2026-06-20 12:33:55]   [  10] depth=1 https://www.quebec.ca/en/immigration/permanent/sponsor-family-member
[2026-06-20 12:33:56]   [  11] depth=1 https://www.quebec.ca/en/immigration/refugees-asylum-seekers
[2026-06-20 12:33:56]   [LEVEL] Fetching 32 URLs at depth 2...
[2026-06-20 12:33:56]   [  12] depth=2 https://www.quebec.ca/en/immigration/online-immigration-services/represent-person-arrima
[2026-06-20 12:33:56]   [  13] depth=2 https://www.quebec.ca/en/immigration/permanent/skilled-workers/skilled-worker-selection-program
[2026-06-20 12:33:56]   [  14] depth=2 https://www.quebec.ca/en/immigration/permanent/skilled-workers/orderlies
[2026-06-20 12:33:56]   [  15] depth=2 https://www.quebec.ca/en/immigration/permanent/sponsor-family-member/sponsoring-father-mother-great-
[2026-06-20 12:33:56]   [  16] depth=2 https://www.quebec.ca/en/immigration/permanent/skilled-workers/food-processing
[2026-06-20 12:33:56]   [  17] depth=2 https://www.quebec.ca/en/immigration/permanent/sponsor-family-member/rules-reception-applications
[2026-06-20 12:33:56]   [  18] depth=2 https://www.quebec.ca/en/immigration/permanent/immigrate-business
[2026-06-20 12:33:56]   [  19] depth=2 https://www.quebec.ca/en/immigration/work-quebec/recognition-skills-acquired-abroad
[2026-06-20 12:33:56]   [  20] depth=2 https://www.quebec.ca/en/immigration/permanent/choose-quebec
[2026-06-20 12:33:56]   [  21] depth=2 https://www.quebec.ca/en/immigration/settle-and-integrate-in-quebec/key-values
[2026-06-20 12:33:56]   [  22] depth=2 https://www.quebec.ca/en/immigration/refugees-asylum-seekers/refugees-recognized-in-canada
[2026-06-20 12:33:56]   [  23] depth=2 https://www.quebec.ca/en/immigration/permanent/sponsor-family-member/welcoming-integration-person-yo
[2026-06-20 12:33:56]   [  24] depth=2 https://www.quebec.ca/en/immigration/permanent/sponsor-family-member/sponsoring-spouse-conjugal-part
[2026-06-20 12:33:56]   [  25] depth=2 https://www.quebec.ca/en/immigration/permanent/sponsor-family-member/calculating-income
[2026-06-20 12:33:56]   [  26] depth=2 https://www.quebec.ca/en/immigration/reconnaissance-etudes-experience/faire-reconnaitre-competences-
[2026-06-20 12:33:57]   [  27] depth=2 https://www.quebec.ca/en/immigration/settle-and-integrate-in-quebec/objectif-integration
[2026-06-20 12:33:57]   [  28] depth=2 https://www.quebec.ca/en/immigration/work-quebec/temporary-workers
[2026-06-20 12:33:57]   [  29] depth=2 https://www.quebec.ca/en/immigration/permanent/sponsor-family-member/sponsoring-dependent-child
[2026-06-20 12:33:57]   [  30] depth=2 https://www.quebec.ca/en/immigration/permanent/skilled-workers/artificial-intelligence
[2026-06-20 12:33:57]   [  31] depth=2 https://www.quebec.ca/en/immigration/refugees-asylum-seekers/asylum-seekers
[2026-06-20 12:33:57]   [  32] depth=2 https://www.quebec.ca/en/immigration/permanent/skilled-workers/regular-skilled-worker-program
[2026-06-20 12:33:57]   [  33] depth=2 https://www.quebec.ca/en/immigration/partners
[2026-06-20 12:33:57]   [  34] depth=2 https://www.quebec.ca/en/immigration/refugees-asylum-seekers/program-persons-selected-humanitarian-c
[2026-06-20 12:33:57]   [  35] depth=2 https://www.quebec.ca/en/immigration/get-represented-immigration-procedures
[2026-06-20 12:33:57]   [  36] depth=2 https://www.quebec.ca/en/immigration/refugees-asylum-seekers/collective-sponsorship
[2026-06-20 12:33:57]   [  37] depth=2 https://www.quebec.ca/en/immigration/refugees-asylum-seekers/refugees-abroad
[2026-06-20 12:33:57]   [  38] depth=2 https://www.quebec.ca/en/immigration/work-quebec/temporary-workers/temporary-foreign-worker-program/
[2026-06-20 12:33:57]   [  39] depth=2 https://www.quebec.ca/en/immigration/settle-and-integrate-in-quebec/first-steps-settling-in
[2026-06-20 12:33:58]   [  40] depth=2 https://www.quebec.ca/en/immigration/permanent/sponsor-family-member/sponsoring-sister-brother-nephe
[2026-06-20 12:33:58]   [  41] depth=2 https://www.quebec.ca/en/immigration/permanent/sponsor-family-member/sponsoring-child-adoption
[2026-06-20 12:33:58]   [  42] depth=2 https://www.quebec.ca/en/immigration/refugees-asylum-seekers/roles-quebec-canada
[2026-06-20 12:33:58]   [  43] depth=2 https://www.quebec.ca/en/immigration/permanent/sponsor-family-member/sponsor-other-family-member
[2026-06-20 12:33:58] 
[OK] Discovered 43 pages
[2026-06-20 12:33:58]      Manifest: C:\Users\40270\Desktop\workspace\short-video-studio\docs\qc-immigration\manifest.json
