[2026-06-20 12:35:20] Downloading 150 pages as Markdown (HTML -> MD)
[2026-06-20 12:35:20]   Output: C:\Users\40270\Desktop\workspace\short-video-studio\docs\mb-immigration\md
[2026-06-20 12:35:20]   Concurrency: 10, Delay: 0.2s
[2026-06-20 12:35:20]   Converter: default
[2026-06-20 12:35:20]   Profile: (none -- using defaults)
[2026-06-20 12:35:21]   [  10/150] mpnp/streams.md (1.0 KB)
[2026-06-20 12:35:21]   [   9/150] mpnp/ies.md (1.3 KB)
[2026-06-20 12:35:21]   [   4/150] fr.md (3.6 KB)
[2026-06-20 12:35:21]   [   7/150] mpnp/skilled-worker/swm.md (0.8 KB)
[2026-06-20 12:35:21]   [   5/150] mpnp/ies/cep.md (1.0 KB)
[2026-06-20 12:35:21]   [   3/150] mpnp.md (1.6 KB)
[2026-06-20 12:35:21]   [   6/150] mpnp/skilled-worker.md (1.0 KB)
[2026-06-20 12:35:21]   [   8/150] mpnp/skilled-worker/swo.md (0.8 KB)
[2026-06-20 12:35:22]   [  11/150] mpnp/ies/gip.md (1.2 KB)
[2026-06-20 12:35:22]   [  12/150] mpnp/bis.md (1.1 KB)
[2026-06-20 12:35:22]   [  14/150] mpnp/bis/ep.md (0.7 KB)
[2026-06-20 12:35:22]   [   1/150] index.md (2.9 KB)
[2026-06-20 12:35:22]   [  15/150] life/work.md (5.3 KB)
[2026-06-20 12:35:22]   [  13/150] mpnp/ies/isep.md (1.3 KB)
[2026-06-20 12:35:22]   [  16/150] mpnp/policies.md (2.4 KB)
[2026-06-20 12:35:22]   [  17/150] life/settlement-services.md (3.2 KB)
[2026-06-20 12:35:22]   [   2/150] index.md (2.9 KB)
[2026-06-20 12:35:22]   [  18/150] mpnp/information-sessions.md (3.4 KB)
[2026-06-20 12:35:22]   [  19/150] mpnp/bis/fip.md (1.1 KB)
[2026-06-20 12:35:23]   [  22/150] life/regulated-occupations.md (8.7 KB)
[2026-06-20 12:35:29]   [  97/150] mpnp/policies/wpsl.md (2.9 KB)
[2026-06-20 12:35:37] 
============================================================
[2026-06-20 12:35:37] DOWNLOAD COMPLETE
[2026-06-20 12:35:37]   Saved:   150
[2026-06-20 12:35:37]   Skipped: 0
[2026-06-20 12:35:37]   Failed:  0
[2026-06-20 12:35:37]   Output:  C:\Users\40270\Desktop\workspace\short-video-studio\docs\mb-immigration\md
[2026-06-20 12:35:37] ============================================================
